{"/Users/runcible/code/runcible/trader/src/cli.ts": {"path":"/Users/runcible/code/runcible/trader/src/cli.ts","statementMap":{"0":{"start":{"line":13,"column":0},"end":{"line":13,"column":null}},"1":{"start":{"line":15,"column":16},"end":{"line":15,"column":null}},"2":{"start":{"line":17,"column":0},"end":{"line":21,"column":null}},"3":{"start":{"line":23,"column":0},"end":{"line":23,"column":null}},"4":{"start":{"line":25,"column":0},"end":{"line":25,"column":null}},"5":{"start":{"line":26,"column":0},"end":{"line":26,"column":null}},"6":{"start":{"line":27,"column":0},"end":{"line":27,"column":null}},"7":{"start":{"line":28,"column":0},"end":{"line":28,"column":null}},"8":{"start":{"line":29,"column":0},"end":{"line":29,"column":null}},"9":{"start":{"line":30,"column":0},"end":{"line":30,"column":null}},"10":{"start":{"line":31,"column":0},"end":{"line":31,"column":null}},"11":{"start":{"line":33,"column":0},"end":{"line":33,"column":null}}},"fnMap":{},"branchMap":{},"s":{"0":0,"1":0,"2":0,"3":0,"4":0,"5":0,"6":0,"7":0,"8":0,"9":0,"10":0,"11":0},"f":{},"b":{},"meta":{"lastBranch":0,"lastFunction":0,"lastStatement":12,"seen":{"s:13:0:13:Infinity":0,"s:15:16:15:Infinity":1,"s:17:0:21:Infinity":2,"s:23:0:23:Infinity":3,"s:25:0:25:Infinity":4,"s:26:0:26:Infinity":5,"s:27:0:27:Infinity":6,"s:28:0:28:Infinity":7,"s:29:0:29:Infinity":8,"s:30:0:30:Infinity":9,"s:31:0:31:Infinity":10,"s:33:0:33:Infinity":11}}}
,"/Users/runcible/code/runcible/trader/src/config.ts": {"path":"/Users/runcible/code/runcible/trader/src/config.ts","statementMap":{"0":{"start":{"line":12,"column":19},"end":{"line":33,"column":null}},"1":{"start":{"line":14,"column":22},"end":{"line":14,"column":null}},"2":{"start":{"line":17,"column":23},"end":{"line":17,"column":null}},"3":{"start":{"line":20,"column":24},"end":{"line":20,"column":null}},"4":{"start":{"line":23,"column":16},"end":{"line":23,"column":null}},"5":{"start":{"line":26,"column":23},"end":{"line":26,"column":null}},"6":{"start":{"line":29,"column":25},"end":{"line":29,"column":null}},"7":{"start":{"line":32,"column":14},"end":{"line":32,"column":null}},"8":{"start":{"line":39,"column":21},"end":{"line":51,"column":null}},"9":{"start":{"line":41,"column":21},"end":{"line":41,"column":null}},"10":{"start":{"line":44,"column":20},"end":{"line":44,"column":null}},"11":{"start":{"line":47,"column":23},"end":{"line":47,"column":null}},"12":{"start":{"line":50,"column":19},"end":{"line":50,"column":null}},"13":{"start":{"line":57,"column":20},"end":{"line":74,"column":null}},"14":{"start":{"line":59,"column":33},"end":{"line":59,"column":null}},"15":{"start":{"line":61,"column":4},"end":{"line":61,"column":null}},"16":{"start":{"line":80,"column":22},"end":{"line":99,"column":null}},"17":{"start":{"line":102,"column":56},"end":{"line":112,"column":null}},"18":{"start":{"line":118,"column":22},"end":{"line":121,"column":null}},"19":{"start":{"line":124,"column":46},"end":{"line":134,"column":null}},"20":{"start":{"line":140,"column":21},"end":{"line":151,"column":null}},"21":{"start":{"line":157,"column":25},"end":{"line":163,"column":null}},"22":{"start":{"line":158,"column":30},"end":{"line":158,"column":null}},"23":{"start":{"line":159,"column":34},"end":{"line":159,"column":null}},"24":{"start":{"line":160,"column":39},"end":{"line":160,"column":null}},"25":{"start":{"line":161,"column":33},"end":{"line":161,"column":null}},"26":{"start":{"line":171,"column":17},"end":{"line":171,"column":null}},"27":{"start":{"line":172,"column":2},"end":{"line":172,"column":null}},"28":{"start":{"line":172,"column":14},"end":{"line":172,"column":null}},"29":{"start":{"line":174,"column":20},"end":{"line":174,"column":null}},"30":{"start":{"line":175,"column":2},"end":{"line":175,"column":null}},"31":{"start":{"line":175,"column":17},"end":{"line":175,"column":null}},"32":{"start":{"line":177,"column":2},"end":{"line":177,"column":null}},"33":{"start":{"line":182,"column":14},"end":{"line":182,"column":null}},"34":{"start":{"line":183,"column":2},"end":{"line":185,"column":null}},"35":{"start":{"line":184,"column":4},"end":{"line":184,"column":null}},"36":{"start":{"line":186,"column":2},"end":{"line":186,"column":null}},"37":{"start":{"line":191,"column":14},"end":{"line":191,"column":null}},"38":{"start":{"line":192,"column":2},"end":{"line":194,"column":null}},"39":{"start":{"line":193,"column":4},"end":{"line":193,"column":null}},"40":{"start":{"line":195,"column":2},"end":{"line":195,"column":null}},"41":{"start":{"line":200,"column":19},"end":{"line":200,"column":null}},"42":{"start":{"line":201,"column":2},"end":{"line":203,"column":null}},"43":{"start":{"line":202,"column":4},"end":{"line":202,"column":null}},"44":{"start":{"line":204,"column":2},"end":{"line":204,"column":null}},"45":{"start":{"line":209,"column":2},"end":{"line":209,"column":null}}},"fnMap":{"0":{"name":"(anonymous_0)","decl":{"start":{"line":14,"column":16},"end":{"line":14,"column":22}},"loc":{"start":{"line":14,"column":22},"end":{"line":14,"column":null}},"line":14},"1":{"name":"(anonymous_1)","decl":{"start":{"line":17,"column":17},"end":{"line":17,"column":23}},"loc":{"start":{"line":17,"column":23},"end":{"line":17,"column":null}},"line":17},"2":{"name":"(anonymous_2)","decl":{"start":{"line":20,"column":18},"end":{"line":20,"column":24}},"loc":{"start":{"line":20,"column":24},"end":{"line":20,"column":null}},"line":20},"3":{"name":"(anonymous_3)","decl":{"start":{"line":23,"column":10},"end":{"line":23,"column":16}},"loc":{"start":{"line":23,"column":16},"end":{"line":23,"column":null}},"line":23},"4":{"name":"(anonymous_4)","decl":{"start":{"line":26,"column":17},"end":{"line":26,"column":23}},"loc":{"start":{"line":26,"column":23},"end":{"line":26,"column":null}},"line":26},"5":{"name":"(anonymous_5)","decl":{"start":{"line":29,"column":19},"end":{"line":29,"column":25}},"loc":{"start":{"line":29,"column":25},"end":{"line":29,"column":null}},"line":29},"6":{"name":"(anonymous_6)","decl":{"start":{"line":32,"column":8},"end":{"line":32,"column":14}},"loc":{"start":{"line":32,"column":14},"end":{"line":32,"column":null}},"line":32},"7":{"name":"(anonymous_7)","decl":{"start":{"line":41,"column":15},"end":{"line":41,"column":21}},"loc":{"start":{"line":41,"column":21},"end":{"line":41,"column":null}},"line":41},"8":{"name":"(anonymous_8)","decl":{"start":{"line":44,"column":14},"end":{"line":44,"column":20}},"loc":{"start":{"line":44,"column":20},"end":{"line":44,"column":null}},"line":44},"9":{"name":"(anonymous_9)","decl":{"start":{"line":47,"column":17},"end":{"line":47,"column":23}},"loc":{"start":{"line":47,"column":23},"end":{"line":47,"column":null}},"line":47},"10":{"name":"(anonymous_10)","decl":{"start":{"line":50,"column":13},"end":{"line":50,"column":19}},"loc":{"start":{"line":50,"column":19},"end":{"line":50,"column":null}},"line":50},"11":{"name":"(anonymous_11)","decl":{"start":{"line":59,"column":13},"end":{"line":59,"column":14}},"loc":{"start":{"line":59,"column":33},"end":{"line":59,"column":null}},"line":59},"12":{"name":"(anonymous_12)","decl":{"start":{"line":60,"column":22},"end":{"line":60,"column":23}},"loc":{"start":{"line":61,"column":4},"end":{"line":61,"column":null}},"line":61},"13":{"name":"(anonymous_13)","decl":{"start":{"line":158,"column":13},"end":{"line":158,"column":14}},"loc":{"start":{"line":158,"column":30},"end":{"line":158,"column":null}},"line":158},"14":{"name":"(anonymous_14)","decl":{"start":{"line":159,"column":16},"end":{"line":159,"column":17}},"loc":{"start":{"line":159,"column":34},"end":{"line":159,"column":null}},"line":159},"15":{"name":"(anonymous_15)","decl":{"start":{"line":160,"column":18},"end":{"line":160,"column":19}},"loc":{"start":{"line":160,"column":39},"end":{"line":160,"column":null}},"line":160},"16":{"name":"(anonymous_16)","decl":{"start":{"line":161,"column":15},"end":{"line":161,"column":16}},"loc":{"start":{"line":161,"column":33},"end":{"line":161,"column":null}},"line":161},"17":{"name":"getRpcUrl","decl":{"start":{"line":170,"column":16},"end":{"line":170,"column":36}},"loc":{"start":{"line":170,"column":36},"end":{"line":178,"column":null}},"line":170},"18":{"name":"requireHeliusKey","decl":{"start":{"line":181,"column":16},"end":{"line":181,"column":43}},"loc":{"start":{"line":181,"column":43},"end":{"line":187,"column":null}},"line":181},"19":{"name":"requireJupiterKey","decl":{"start":{"line":190,"column":16},"end":{"line":190,"column":44}},"loc":{"start":{"line":190,"column":44},"end":{"line":196,"column":null}},"line":190},"20":{"name":"requirePassword","decl":{"start":{"line":199,"column":16},"end":{"line":199,"column":42}},"loc":{"start":{"line":199,"column":42},"end":{"line":205,"column":null}},"line":199},"21":{"name":"getDecimalsFromCache","decl":{"start":{"line":208,"column":16},"end":{"line":208,"column":37}},"loc":{"start":{"line":208,"column":71},"end":{"line":210,"column":null}},"line":208}},"branchMap":{"0":{"loc":{"start":{"line":32,"column":14},"end":{"line":32,"column":null}},"type":"binary-expr","locations":[{"start":{"line":32,"column":14},"end":{"line":32,"column":34}},{"start":{"line":32,"column":34},"end":{"line":32,"column":null}}],"line":32},"1":{"loc":{"start":{"line":172,"column":2},"end":{"line":172,"column":null}},"type":"if","locations":[{"start":{"line":172,"column":2},"end":{"line":172,"column":null}},{"start":{},"end":{}}],"line":172},"2":{"loc":{"start":{"line":175,"column":2},"end":{"line":175,"column":null}},"type":"if","locations":[{"start":{"line":175,"column":2},"end":{"line":175,"column":null}},{"start":{},"end":{}}],"line":175},"3":{"loc":{"start":{"line":183,"column":2},"end":{"line":185,"column":null}},"type":"if","locations":[{"start":{"line":183,"column":2},"end":{"line":185,"column":null}},{"start":{},"end":{}}],"line":183},"4":{"loc":{"start":{"line":192,"column":2},"end":{"line":194,"column":null}},"type":"if","locations":[{"start":{"line":192,"column":2},"end":{"line":194,"column":null}},{"start":{},"end":{}}],"line":192},"5":{"loc":{"start":{"line":201,"column":2},"end":{"line":203,"column":null}},"type":"if","locations":[{"start":{"line":201,"column":2},"end":{"line":203,"column":null}},{"start":{},"end":{}}],"line":201}},"s":{"0":2,"1":11,"2":10,"3":2,"4":3,"5":0,"6":0,"7":31,"8":2,"9":11,"10":0,"11":0,"12":20,"13":2,"14":7,"15":0,"16":2,"17":2,"18":2,"19":2,"20":2,"21":2,"22":0,"23":0,"24":0,"25":0,"26":3,"27":3,"28":1,"29":2,"30":2,"31":2,"32":1,"33":9,"34":9,"35":1,"36":8,"37":10,"38":10,"39":1,"40":9,"41":2,"42":2,"43":1,"44":1,"45":10},"f":{"0":11,"1":10,"2":2,"3":3,"4":0,"5":0,"6":31,"7":11,"8":0,"9":0,"10":20,"11":7,"12":0,"13":0,"14":0,"15":0,"16":0,"17":3,"18":9,"19":10,"20":2,"21":10},"b":{"0":[31,0],"1":[1,2],"2":[1,1],"3":[1,8],"4":[1,9],"5":[1,1]},"meta":{"lastBranch":6,"lastFunction":22,"lastStatement":46,"seen":{"s:12:19:33:Infinity":0,"f:14:16:14:22":0,"s:14:22:14:Infinity":1,"f:17:17:17:23":1,"s:17:23:17:Infinity":2,"f:20:18:20:24":2,"s:20:24:20:Infinity":3,"f:23:10:23:16":3,"s:23:16:23:Infinity":4,"f:26:17:26:23":4,"s:26:23:26:Infinity":5,"f:29:19:29:25":5,"s:29:25:29:Infinity":6,"f:32:8:32:14":6,"s:32:14:32:Infinity":7,"b:32:14:32:34:32:34:32:Infinity":0,"s:39:21:51:Infinity":8,"f:41:15:41:21":7,"s:41:21:41:Infinity":9,"f:44:14:44:20":8,"s:44:20:44:Infinity":10,"f:47:17:47:23":9,"s:47:23:47:Infinity":11,"f:50:13:50:19":10,"s:50:19:50:Infinity":12,"s:57:20:74:Infinity":13,"f:59:13:59:14":11,"s:59:33:59:Infinity":14,"f:60:22:60:23":12,"s:61:4:61:Infinity":15,"s:80:22:99:Infinity":16,"s:102:56:112:Infinity":17,"s:118:22:121:Infinity":18,"s:124:46:134:Infinity":19,"s:140:21:151:Infinity":20,"s:157:25:163:Infinity":21,"f:158:13:158:14":13,"s:158:30:158:Infinity":22,"f:159:16:159:17":14,"s:159:34:159:Infinity":23,"f:160:18:160:19":15,"s:160:39:160:Infinity":24,"f:161:15:161:16":16,"s:161:33:161:Infinity":25,"f:170:16:170:36":17,"s:171:17:171:Infinity":26,"b:172:2:172:Infinity:undefined:undefined:undefined:undefined":1,"s:172:2:172:Infinity":27,"s:172:14:172:Infinity":28,"s:174:20:174:Infinity":29,"b:175:2:175:Infinity:undefined:undefined:undefined:undefined":2,"s:175:2:175:Infinity":30,"s:175:17:175:Infinity":31,"s:177:2:177:Infinity":32,"f:181:16:181:43":18,"s:182:14:182:Infinity":33,"b:183:2:185:Infinity:undefined:undefined:undefined:undefined":3,"s:183:2:185:Infinity":34,"s:184:4:184:Infinity":35,"s:186:2:186:Infinity":36,"f:190:16:190:44":19,"s:191:14:191:Infinity":37,"b:192:2:194:Infinity:undefined:undefined:undefined:undefined":4,"s:192:2:194:Infinity":38,"s:193:4:193:Infinity":39,"s:195:2:195:Infinity":40,"f:199:16:199:42":20,"s:200:19:200:Infinity":41,"b:201:2:203:Infinity:undefined:undefined:undefined:undefined":5,"s:201:2:203:Infinity":42,"s:202:4:202:Infinity":43,"s:204:2:204:Infinity":44,"f:208:16:208:37":21,"s:209:2:209:Infinity":45}}}
,"/Users/runcible/code/runcible/trader/src/test-helpers.ts": {"path":"/Users/runcible/code/runcible/trader/src/test-helpers.ts","statementMap":{"0":{"start":{"line":11,"column":43},"end":{"line":16,"column":null}},"1":{"start":{"line":17,"column":2},"end":{"line":19,"column":null}},"2":{"start":{"line":18,"column":4},"end":{"line":18,"column":null}},"3":{"start":{"line":23,"column":2},"end":{"line":23,"column":null}},"4":{"start":{"line":24,"column":2},"end":{"line":24,"column":null}},"5":{"start":{"line":25,"column":2},"end":{"line":25,"column":null}},"6":{"start":{"line":33,"column":2},"end":{"line":38,"column":null}},"7":{"start":{"line":36,"column":16},"end":{"line":36,"column":null}},"8":{"start":{"line":37,"column":16},"end":{"line":37,"column":null}},"9":{"start":{"line":42,"column":13},"end":{"line":42,"column":null}},"10":{"start":{"line":43,"column":2},"end":{"line":51,"column":null}},"11":{"start":{"line":43,"column":15},"end":{"line":43,"column":18}},"12":{"start":{"line":44,"column":35},"end":{"line":44,"column":null}},"13":{"start":{"line":45,"column":4},"end":{"line":50,"column":null}},"14":{"start":{"line":48,"column":18},"end":{"line":48,"column":null}},"15":{"start":{"line":49,"column":18},"end":{"line":49,"column":null}},"16":{"start":{"line":52,"column":2},"end":{"line":52,"column":null}},"17":{"start":{"line":59,"column":35},"end":{"line":59,"column":null}},"18":{"start":{"line":61,"column":30},"end":{"line":67,"column":null}},"19":{"start":{"line":69,"column":31},"end":{"line":77,"column":null}},"20":{"start":{"line":79,"column":38},"end":{"line":88,"column":null}},"21":{"start":{"line":90,"column":37},"end":{"line":98,"column":null}},"22":{"start":{"line":100,"column":30},"end":{"line":106,"column":null}},"23":{"start":{"line":113,"column":25},"end":{"line":113,"column":null}},"24":{"start":{"line":114,"column":27},"end":{"line":114,"column":null}},"25":{"start":{"line":115,"column":26},"end":{"line":115,"column":null}},"26":{"start":{"line":117,"column":18},"end":{"line":117,"column":null}},"27":{"start":{"line":118,"column":20},"end":{"line":118,"column":null}},"28":{"start":{"line":119,"column":19},"end":{"line":119,"column":null}},"29":{"start":{"line":121,"column":2},"end":{"line":121,"column":null}},"30":{"start":{"line":121,"column":36},"end":{"line":121,"column":null}},"31":{"start":{"line":122,"column":2},"end":{"line":122,"column":null}},"32":{"start":{"line":122,"column":38},"end":{"line":122,"column":null}},"33":{"start":{"line":123,"column":2},"end":{"line":123,"column":null}},"34":{"start":{"line":123,"column":37},"end":{"line":123,"column":null}},"35":{"start":{"line":125,"column":2},"end":{"line":141,"column":null}},"36":{"start":{"line":130,"column":6},"end":{"line":130,"column":null}},"37":{"start":{"line":131,"column":6},"end":{"line":131,"column":null}},"38":{"start":{"line":132,"column":6},"end":{"line":132,"column":null}},"39":{"start":{"line":135,"column":15},"end":{"line":135,"column":39}},"40":{"start":{"line":138,"column":23},"end":{"line":138,"column":null}},"41":{"start":{"line":138,"column":38},"end":{"line":138,"column":76}},"42":{"start":{"line":139,"column":6},"end":{"line":139,"column":null}}},"fnMap":{"0":{"name":"setupTestEnv","decl":{"start":{"line":10,"column":16},"end":{"line":10,"column":29}},"loc":{"start":{"line":10,"column":69},"end":{"line":20,"column":null}},"line":10},"1":{"name":"clearTestEnv","decl":{"start":{"line":22,"column":16},"end":{"line":22,"column":31}},"loc":{"start":{"line":22,"column":31},"end":{"line":26,"column":null}},"line":22},"2":{"name":"mockFetchJson","decl":{"start":{"line":32,"column":16},"end":{"line":32,"column":30}},"loc":{"start":{"line":32,"column":55},"end":{"line":39,"column":null}},"line":32},"3":{"name":"(anonymous_3)","decl":{"start":{"line":36,"column":10},"end":{"line":36,"column":16}},"loc":{"start":{"line":36,"column":16},"end":{"line":36,"column":null}},"line":36},"4":{"name":"(anonymous_4)","decl":{"start":{"line":37,"column":10},"end":{"line":37,"column":16}},"loc":{"start":{"line":37,"column":16},"end":{"line":37,"column":null}},"line":37},"5":{"name":"mockFetchSequence","decl":{"start":{"line":41,"column":16},"end":{"line":41,"column":34}},"loc":{"start":{"line":41,"column":84},"end":{"line":53,"column":null}},"line":41},"6":{"name":"(anonymous_6)","decl":{"start":{"line":48,"column":12},"end":{"line":48,"column":18}},"loc":{"start":{"line":48,"column":18},"end":{"line":48,"column":null}},"line":48},"7":{"name":"(anonymous_7)","decl":{"start":{"line":49,"column":12},"end":{"line":49,"column":18}},"loc":{"start":{"line":49,"column":18},"end":{"line":49,"column":null}},"line":49},"8":{"name":"captureConsole","decl":{"start":{"line":112,"column":16},"end":{"line":112,"column":33}},"loc":{"start":{"line":112,"column":33},"end":{"line":142,"column":null}},"line":112},"9":{"name":"(anonymous_9)","decl":{"start":{"line":121,"column":16},"end":{"line":121,"column":20}},"loc":{"start":{"line":121,"column":36},"end":{"line":121,"column":null}},"line":121},"10":{"name":"(anonymous_10)","decl":{"start":{"line":122,"column":18},"end":{"line":122,"column":22}},"loc":{"start":{"line":122,"column":38},"end":{"line":122,"column":null}},"line":122},"11":{"name":"(anonymous_11)","decl":{"start":{"line":123,"column":17},"end":{"line":123,"column":21}},"loc":{"start":{"line":123,"column":37},"end":{"line":123,"column":null}},"line":123},"12":{"name":"(anonymous_12)","decl":{"start":{"line":129,"column":4},"end":{"line":129,"column":14}},"loc":{"start":{"line":129,"column":14},"end":{"line":133,"column":null}},"line":129},"13":{"name":"(anonymous_13)","decl":{"start":{"line":135,"column":4},"end":{"line":135,"column":13}},"loc":{"start":{"line":135,"column":13},"end":{"line":135,"column":null}},"line":135},"14":{"name":"(anonymous_14)","decl":{"start":{"line":137,"column":4},"end":{"line":137,"column":11}},"loc":{"start":{"line":137,"column":11},"end":{"line":140,"column":null}},"line":137},"15":{"name":"(anonymous_15)","decl":{"start":{"line":138,"column":33},"end":{"line":138,"column":38}},"loc":{"start":{"line":138,"column":38},"end":{"line":138,"column":76}},"line":138}},"branchMap":{"0":{"loc":{"start":{"line":10,"column":29},"end":{"line":10,"column":69}},"type":"default-arg","locations":[{"start":{"line":10,"column":65},"end":{"line":10,"column":69}}],"line":10},"1":{"loc":{"start":{"line":32,"column":41},"end":{"line":32,"column":55}},"type":"default-arg","locations":[{"start":{"line":32,"column":50},"end":{"line":32,"column":55}}],"line":32},"2":{"loc":{"start":{"line":34,"column":8},"end":{"line":34,"column":null}},"type":"binary-expr","locations":[{"start":{"line":34,"column":8},"end":{"line":34,"column":25}},{"start":{"line":34,"column":25},"end":{"line":34,"column":null}}],"line":34},"3":{"loc":{"start":{"line":44,"column":18},"end":{"line":44,"column":31}},"type":"default-arg","locations":[{"start":{"line":44,"column":27},"end":{"line":44,"column":31}}],"line":44},"4":{"loc":{"start":{"line":46,"column":10},"end":{"line":46,"column":null}},"type":"binary-expr","locations":[{"start":{"line":46,"column":10},"end":{"line":46,"column":27}},{"start":{"line":46,"column":27},"end":{"line":46,"column":null}}],"line":46},"5":{"loc":{"start":{"line":138,"column":38},"end":{"line":138,"column":76}},"type":"binary-expr","locations":[{"start":{"line":138,"column":38},"end":{"line":138,"column":59}},{"start":{"line":138,"column":59},"end":{"line":138,"column":76}}],"line":138},"6":{"loc":{"start":{"line":139,"column":13},"end":{"line":139,"column":null}},"type":"cond-expr","locations":[{"start":{"line":139,"column":24},"end":{"line":139,"column":47}},{"start":{"line":139,"column":47},"end":{"line":139,"column":null}}],"line":139}},"s":{"0":0,"1":0,"2":0,"3":0,"4":0,"5":0,"6":0,"7":0,"8":0,"9":0,"10":0,"11":0,"12":0,"13":0,"14":0,"15":0,"16":0,"17":0,"18":0,"19":0,"20":0,"21":0,"22":0,"23":0,"24":0,"25":0,"26":0,"27":0,"28":0,"29":0,"30":0,"31":0,"32":0,"33":0,"34":0,"35":0,"36":0,"37":0,"38":0,"39":0,"40":0,"41":0,"42":0},"f":{"0":0,"1":0,"2":0,"3":0,"4":0,"5":0,"6":0,"7":0,"8":0,"9":0,"10":0,"11":0,"12":0,"13":0,"14":0,"15":0},"b":{"0":[0],"1":[0],"2":[0,0],"3":[0],"4":[0,0],"5":[0,0],"6":[0,0]},"meta":{"lastBranch":7,"lastFunction":16,"lastStatement":43,"seen":{"f:10:16:10:29":0,"b:10:65:10:69":0,"s:11:43:16:Infinity":0,"s:17:2:19:Infinity":1,"s:18:4:18:Infinity":2,"f:22:16:22:31":1,"s:23:2:23:Infinity":3,"s:24:2:24:Infinity":4,"s:25:2:25:Infinity":5,"f:32:16:32:30":2,"b:32:50:32:55":1,"s:33:2:38:Infinity":6,"b:34:8:34:25:34:25:34:Infinity":2,"f:36:10:36:16":3,"s:36:16:36:Infinity":7,"f:37:10:37:16":4,"s:37:16:37:Infinity":8,"f:41:16:41:34":5,"s:42:13:42:Infinity":9,"s:43:2:51:Infinity":10,"s:43:15:43:18":11,"s:44:35:44:Infinity":12,"b:44:27:44:31":3,"s:45:4:50:Infinity":13,"b:46:10:46:27:46:27:46:Infinity":4,"f:48:12:48:18":6,"s:48:18:48:Infinity":14,"f:49:12:49:18":7,"s:49:18:49:Infinity":15,"s:52:2:52:Infinity":16,"s:59:35:59:Infinity":17,"s:61:30:67:Infinity":18,"s:69:31:77:Infinity":19,"s:79:38:88:Infinity":20,"s:90:37:98:Infinity":21,"s:100:30:106:Infinity":22,"f:112:16:112:33":8,"s:113:25:113:Infinity":23,"s:114:27:114:Infinity":24,"s:115:26:115:Infinity":25,"s:117:18:117:Infinity":26,"s:118:20:118:Infinity":27,"s:119:19:119:Infinity":28,"s:121:2:121:Infinity":29,"f:121:16:121:20":9,"s:121:36:121:Infinity":30,"s:122:2:122:Infinity":31,"f:122:18:122:22":10,"s:122:38:122:Infinity":32,"s:123:2:123:Infinity":33,"f:123:17:123:21":11,"s:123:37:123:Infinity":34,"s:125:2:141:Infinity":35,"f:129:4:129:14":12,"s:130:6:130:Infinity":36,"s:131:6:131:Infinity":37,"s:132:6:132:Infinity":38,"f:135:4:135:13":13,"s:135:15:135:39":39,"f:137:4:137:11":14,"s:138:23:138:Infinity":40,"f:138:33:138:38":15,"s:138:38:138:76":41,"b:138:38:138:59:138:59:138:76":5,"s:139:6:139:Infinity":42,"b:139:24:139:47:139:47:139:Infinity":6}}}
,"/Users/runcible/code/runcible/trader/src/commands/diagnose.ts": {"path":"/Users/runcible/code/runcible/trader/src/commands/diagnose.ts","statementMap":{"0":{"start":{"line":14,"column":19},"end":{"line":14,"column":null}},"1":{"start":{"line":15,"column":2},"end":{"line":17,"column":null}},"2":{"start":{"line":21,"column":14},"end":{"line":21,"column":null}},"3":{"start":{"line":22,"column":2},"end":{"line":24,"column":null}},"4":{"start":{"line":28,"column":14},"end":{"line":28,"column":null}},"5":{"start":{"line":29,"column":2},"end":{"line":31,"column":null}},"6":{"start":{"line":35,"column":21},"end":{"line":35,"column":null}},"7":{"start":{"line":36,"column":2},"end":{"line":38,"column":null}},"8":{"start":{"line":42,"column":19},"end":{"line":42,"column":null}},"9":{"start":{"line":43,"column":21},"end":{"line":43,"column":null}},"10":{"start":{"line":45,"column":2},"end":{"line":47,"column":null}},"11":{"start":{"line":46,"column":4},"end":{"line":46,"column":null}},"12":{"start":{"line":49,"column":2},"end":{"line":54,"column":null}},"13":{"start":{"line":50,"column":10},"end":{"line":50,"column":null}},"14":{"start":{"line":51,"column":4},"end":{"line":51,"column":null}},"15":{"start":{"line":53,"column":4},"end":{"line":53,"column":null}},"16":{"start":{"line":58,"column":2},"end":{"line":60,"column":null}},"17":{"start":{"line":59,"column":4},"end":{"line":59,"column":null}},"18":{"start":{"line":62,"column":2},"end":{"line":68,"column":null}},"19":{"start":{"line":63,"column":23},"end":{"line":63,"column":null}},"20":{"start":{"line":64,"column":24},"end":{"line":64,"column":null}},"21":{"start":{"line":65,"column":4},"end":{"line":65,"column":null}},"22":{"start":{"line":67,"column":4},"end":{"line":67,"column":null}},"23":{"start":{"line":72,"column":2},"end":{"line":74,"column":null}},"24":{"start":{"line":73,"column":4},"end":{"line":73,"column":null}},"25":{"start":{"line":76,"column":2},"end":{"line":86,"column":null}},"26":{"start":{"line":77,"column":23},"end":{"line":77,"column":null}},"27":{"start":{"line":78,"column":20},"end":{"line":78,"column":null}},"28":{"start":{"line":79,"column":16},"end":{"line":79,"column":null}},"29":{"start":{"line":81,"column":4},"end":{"line":81,"column":null}},"30":{"start":{"line":81,"column":21},"end":{"line":81,"column":null}},"31":{"start":{"line":82,"column":4},"end":{"line":82,"column":null}},"32":{"start":{"line":82,"column":17},"end":{"line":82,"column":null}},"33":{"start":{"line":83,"column":4},"end":{"line":83,"column":null}},"34":{"start":{"line":85,"column":4},"end":{"line":85,"column":null}},"35":{"start":{"line":90,"column":14},"end":{"line":90,"column":null}},"36":{"start":{"line":91,"column":2},"end":{"line":93,"column":null}},"37":{"start":{"line":92,"column":4},"end":{"line":92,"column":null}},"38":{"start":{"line":95,"column":2},"end":{"line":106,"column":null}},"39":{"start":{"line":96,"column":16},"end":{"line":98,"column":null}},"40":{"start":{"line":100,"column":4},"end":{"line":100,"column":null}},"41":{"start":{"line":100,"column":16},"end":{"line":100,"column":null}},"42":{"start":{"line":101,"column":4},"end":{"line":101,"column":null}},"43":{"start":{"line":101,"column":28},"end":{"line":101,"column":null}},"44":{"start":{"line":102,"column":4},"end":{"line":102,"column":null}},"45":{"start":{"line":102,"column":28},"end":{"line":102,"column":null}},"46":{"start":{"line":103,"column":4},"end":{"line":103,"column":null}},"47":{"start":{"line":105,"column":4},"end":{"line":105,"column":null}},"48":{"start":{"line":113,"column":62},"end":{"line":118,"column":null}},"49":{"start":{"line":120,"column":23},"end":{"line":124,"column":null}},"50":{"start":{"line":127,"column":24},"end":{"line":127,"column":null}},"51":{"start":{"line":128,"column":14},"end":{"line":128,"column":null}},"52":{"start":{"line":129,"column":21},"end":{"line":129,"column":null}},"53":{"start":{"line":130,"column":21},"end":{"line":130,"column":null}},"54":{"start":{"line":132,"column":17},"end":{"line":132,"column":null}},"55":{"start":{"line":134,"column":19},"end":{"line":134,"column":null}},"56":{"start":{"line":134,"column":38},"end":{"line":134,"column":57}},"57":{"start":{"line":135,"column":19},"end":{"line":135,"column":null}},"58":{"start":{"line":135,"column":38},"end":{"line":135,"column":57}},"59":{"start":{"line":137,"column":2},"end":{"line":140,"column":null}},"60":{"start":{"line":143,"column":31},"end":{"line":165,"column":null}},"61":{"start":{"line":146,"column":19},"end":{"line":146,"column":null}},"62":{"start":{"line":148,"column":4},"end":{"line":164,"column":null}},"63":{"start":{"line":149,"column":20},"end":{"line":152,"column":null}},"64":{"start":{"line":150,"column":20},"end":{"line":150,"column":null}},"65":{"start":{"line":151,"column":8},"end":{"line":151,"column":null}},"66":{"start":{"line":154,"column":6},"end":{"line":154,"column":null}},"67":{"start":{"line":155,"column":6},"end":{"line":161,"column":null}},"68":{"start":{"line":156,"column":8},"end":{"line":156,"column":null}},"69":{"start":{"line":157,"column":6},"end":{"line":161,"column":null}},"70":{"start":{"line":158,"column":8},"end":{"line":158,"column":null}},"71":{"start":{"line":160,"column":8},"end":{"line":160,"column":null}},"72":{"start":{"line":163,"column":6},"end":{"line":163,"column":null}}},"fnMap":{"0":{"name":"checkWalletPassword","decl":{"start":{"line":13,"column":15},"end":{"line":13,"column":53}},"loc":{"start":{"line":13,"column":53},"end":{"line":18,"column":null}},"line":13},"1":{"name":"checkHeliusKey","decl":{"start":{"line":20,"column":15},"end":{"line":20,"column":48}},"loc":{"start":{"line":20,"column":48},"end":{"line":25,"column":null}},"line":20},"2":{"name":"checkJupiterKey","decl":{"start":{"line":27,"column":15},"end":{"line":27,"column":49}},"loc":{"start":{"line":27,"column":49},"end":{"line":32,"column":null}},"line":27},"3":{"name":"checkWalletFile","decl":{"start":{"line":34,"column":15},"end":{"line":34,"column":49}},"loc":{"start":{"line":34,"column":49},"end":{"line":39,"column":null}},"line":34},"4":{"name":"checkWalletDecryption","decl":{"start":{"line":41,"column":15},"end":{"line":41,"column":78}},"loc":{"start":{"line":41,"column":78},"end":{"line":55,"column":null}},"line":41},"5":{"name":"checkRpcConnection","decl":{"start":{"line":57,"column":15},"end":{"line":57,"column":52}},"loc":{"start":{"line":57,"column":52},"end":{"line":69,"column":null}},"line":57},"6":{"name":"checkSolBalance","decl":{"start":{"line":71,"column":15},"end":{"line":71,"column":31}},"loc":{"start":{"line":71,"column":71},"end":{"line":87,"column":null}},"line":71},"7":{"name":"checkJupiterApi","decl":{"start":{"line":89,"column":15},"end":{"line":89,"column":49}},"loc":{"start":{"line":89,"column":49},"end":{"line":107,"column":null}},"line":89},"8":{"name":"runDiagnostics","decl":{"start":{"line":110,"column":15},"end":{"line":110,"column":32}},"loc":{"start":{"line":110,"column":32},"end":{"line":141,"column":null}},"line":110},"9":{"name":"(anonymous_9)","decl":{"start":{"line":134,"column":33},"end":{"line":134,"column":38}},"loc":{"start":{"line":134,"column":38},"end":{"line":134,"column":57}},"line":134},"10":{"name":"(anonymous_10)","decl":{"start":{"line":135,"column":33},"end":{"line":135,"column":38}},"loc":{"start":{"line":135,"column":38},"end":{"line":135,"column":57}},"line":135},"11":{"name":"(anonymous_11)","decl":{"start":{"line":145,"column":10},"end":{"line":145,"column":22}},"loc":{"start":{"line":145,"column":22},"end":{"line":165,"column":3}},"line":145},"12":{"name":"(anonymous_12)","decl":{"start":{"line":148,"column":19},"end":{"line":148,"column":25}},"loc":{"start":{"line":148,"column":25},"end":{"line":164,"column":5}},"line":148},"13":{"name":"(anonymous_13)","decl":{"start":{"line":149,"column":38},"end":{"line":149,"column":43}},"loc":{"start":{"line":149,"column":43},"end":{"line":152,"column":7}},"line":149}},"branchMap":{"0":{"loc":{"start":{"line":15,"column":9},"end":{"line":17,"column":null}},"type":"cond-expr","locations":[{"start":{"line":16,"column":6},"end":{"line":16,"column":null}},{"start":{"line":17,"column":6},"end":{"line":17,"column":null}}],"line":15},"1":{"loc":{"start":{"line":22,"column":9},"end":{"line":24,"column":null}},"type":"cond-expr","locations":[{"start":{"line":23,"column":6},"end":{"line":23,"column":null}},{"start":{"line":24,"column":6},"end":{"line":24,"column":null}}],"line":22},"2":{"loc":{"start":{"line":29,"column":9},"end":{"line":31,"column":null}},"type":"cond-expr","locations":[{"start":{"line":30,"column":6},"end":{"line":30,"column":null}},{"start":{"line":31,"column":6},"end":{"line":31,"column":null}}],"line":29},"3":{"loc":{"start":{"line":36,"column":9},"end":{"line":38,"column":null}},"type":"cond-expr","locations":[{"start":{"line":37,"column":6},"end":{"line":37,"column":null}},{"start":{"line":38,"column":6},"end":{"line":38,"column":null}}],"line":36},"4":{"loc":{"start":{"line":45,"column":2},"end":{"line":47,"column":null}},"type":"if","locations":[{"start":{"line":45,"column":2},"end":{"line":47,"column":null}},{"start":{},"end":{}}],"line":45},"5":{"loc":{"start":{"line":45,"column":6},"end":{"line":45,"column":47}},"type":"binary-expr","locations":[{"start":{"line":45,"column":6},"end":{"line":45,"column":19}},{"start":{"line":45,"column":19},"end":{"line":45,"column":47}}],"line":45},"6":{"loc":{"start":{"line":58,"column":2},"end":{"line":60,"column":null}},"type":"if","locations":[{"start":{"line":58,"column":2},"end":{"line":60,"column":null}},{"start":{},"end":{}}],"line":58},"7":{"loc":{"start":{"line":72,"column":2},"end":{"line":74,"column":null}},"type":"if","locations":[{"start":{"line":72,"column":2},"end":{"line":74,"column":null}},{"start":{},"end":{}}],"line":72},"8":{"loc":{"start":{"line":72,"column":6},"end":{"line":72,"column":45}},"type":"binary-expr","locations":[{"start":{"line":72,"column":6},"end":{"line":72,"column":24}},{"start":{"line":72,"column":24},"end":{"line":72,"column":45}}],"line":72},"9":{"loc":{"start":{"line":81,"column":4},"end":{"line":81,"column":null}},"type":"if","locations":[{"start":{"line":81,"column":4},"end":{"line":81,"column":null}},{"start":{},"end":{}}],"line":81},"10":{"loc":{"start":{"line":82,"column":4},"end":{"line":82,"column":null}},"type":"if","locations":[{"start":{"line":82,"column":4},"end":{"line":82,"column":null}},{"start":{},"end":{}}],"line":82},"11":{"loc":{"start":{"line":91,"column":2},"end":{"line":93,"column":null}},"type":"if","locations":[{"start":{"line":91,"column":2},"end":{"line":93,"column":null}},{"start":{},"end":{}}],"line":91},"12":{"loc":{"start":{"line":100,"column":4},"end":{"line":100,"column":null}},"type":"if","locations":[{"start":{"line":100,"column":4},"end":{"line":100,"column":null}},{"start":{},"end":{}}],"line":100},"13":{"loc":{"start":{"line":101,"column":4},"end":{"line":101,"column":null}},"type":"if","locations":[{"start":{"line":101,"column":4},"end":{"line":101,"column":null}},{"start":{},"end":{}}],"line":101},"14":{"loc":{"start":{"line":102,"column":4},"end":{"line":102,"column":null}},"type":"if","locations":[{"start":{"line":102,"column":4},"end":{"line":102,"column":null}},{"start":{},"end":{}}],"line":102},"15":{"loc":{"start":{"line":122,"column":12},"end":{"line":122,"column":null}},"type":"cond-expr","locations":[{"start":{"line":122,"column":36},"end":{"line":122,"column":53}},{"start":{"line":122,"column":53},"end":{"line":122,"column":null}}],"line":122},"16":{"loc":{"start":{"line":123,"column":13},"end":{"line":123,"column":null}},"type":"cond-expr","locations":[{"start":{"line":123,"column":37},"end":{"line":123,"column":49}},{"start":{"line":123,"column":49},"end":{"line":123,"column":null}}],"line":123},"17":{"loc":{"start":{"line":150,"column":20},"end":{"line":150,"column":null}},"type":"cond-expr","locations":[{"start":{"line":150,"column":40},"end":{"line":150,"column":49}},{"start":{"line":150,"column":49},"end":{"line":150,"column":null}}],"line":150},"18":{"loc":{"start":{"line":150,"column":49},"end":{"line":150,"column":null}},"type":"cond-expr","locations":[{"start":{"line":150,"column":71},"end":{"line":150,"column":82}},{"start":{"line":150,"column":82},"end":{"line":150,"column":null}}],"line":150},"19":{"loc":{"start":{"line":155,"column":6},"end":{"line":161,"column":null}},"type":"if","locations":[{"start":{"line":155,"column":6},"end":{"line":161,"column":null}},{"start":{"line":157,"column":6},"end":{"line":161,"column":null}}],"line":155},"20":{"loc":{"start":{"line":155,"column":10},"end":{"line":155,"column":74}},"type":"binary-expr","locations":[{"start":{"line":155,"column":10},"end":{"line":155,"column":43}},{"start":{"line":155,"column":43},"end":{"line":155,"column":74}}],"line":155},"21":{"loc":{"start":{"line":157,"column":6},"end":{"line":161,"column":null}},"type":"if","locations":[{"start":{"line":157,"column":6},"end":{"line":161,"column":null}},{"start":{"line":159,"column":13},"end":{"line":161,"column":null}}],"line":157}},"s":{"0":6,"1":6,"2":6,"3":6,"4":6,"5":6,"6":6,"7":6,"8":6,"9":6,"10":6,"11":2,"12":4,"13":4,"14":4,"15":0,"16":6,"17":1,"18":5,"19":5,"20":5,"21":5,"22":0,"23":6,"24":3,"25":3,"26":3,"27":3,"28":3,"29":3,"30":3,"31":0,"32":0,"33":0,"34":0,"35":6,"36":6,"37":1,"38":5,"39":5,"40":5,"41":4,"42":1,"43":1,"44":1,"45":1,"46":0,"47":0,"48":6,"49":6,"50":6,"51":6,"52":6,"53":6,"54":6,"55":6,"56":54,"57":6,"58":54,"59":6,"60":1,"61":6,"62":6,"63":0,"64":0,"65":0,"66":0,"67":0,"68":0,"69":0,"70":0,"71":0,"72":0},"f":{"0":6,"1":6,"2":6,"3":6,"4":6,"5":6,"6":6,"7":6,"8":6,"9":54,"10":54,"11":6,"12":0,"13":0},"b":{"0":[5,1],"1":[5,1],"2":[5,1],"3":[5,1],"4":[2,4],"5":[6,5],"6":[1,5],"7":[3,3],"8":[6,4],"9":[3,0],"10":[0,0],"11":[1,5],"12":[4,1],"13":[0,1],"14":[1,0],"15":[0,6],"16":[0,6],"17":[0,0],"18":[0,0],"19":[0,0],"20":[0,0],"21":[0,0]},"meta":{"lastBranch":22,"lastFunction":14,"lastStatement":73,"seen":{"f:13:15:13:53":0,"s:14:19:14:Infinity":0,"s:15:2:17:Infinity":1,"b:16:6:16:Infinity:17:6:17:Infinity":0,"f:20:15:20:48":1,"s:21:14:21:Infinity":2,"s:22:2:24:Infinity":3,"b:23:6:23:Infinity:24:6:24:Infinity":1,"f:27:15:27:49":2,"s:28:14:28:Infinity":4,"s:29:2:31:Infinity":5,"b:30:6:30:Infinity:31:6:31:Infinity":2,"f:34:15:34:49":3,"s:35:21:35:Infinity":6,"s:36:2:38:Infinity":7,"b:37:6:37:Infinity:38:6:38:Infinity":3,"f:41:15:41:78":4,"s:42:19:42:Infinity":8,"s:43:21:43:Infinity":9,"b:45:2:47:Infinity:undefined:undefined:undefined:undefined":4,"s:45:2:47:Infinity":10,"b:45:6:45:19:45:19:45:47":5,"s:46:4:46:Infinity":11,"s:49:2:54:Infinity":12,"s:50:10:50:Infinity":13,"s:51:4:51:Infinity":14,"s:53:4:53:Infinity":15,"f:57:15:57:52":5,"b:58:2:60:Infinity:undefined:undefined:undefined:undefined":6,"s:58:2:60:Infinity":16,"s:59:4:59:Infinity":17,"s:62:2:68:Infinity":18,"s:63:23:63:Infinity":19,"s:64:24:64:Infinity":20,"s:65:4:65:Infinity":21,"s:67:4:67:Infinity":22,"f:71:15:71:31":6,"b:72:2:74:Infinity:undefined:undefined:undefined:undefined":7,"s:72:2:74:Infinity":23,"b:72:6:72:24:72:24:72:45":8,"s:73:4:73:Infinity":24,"s:76:2:86:Infinity":25,"s:77:23:77:Infinity":26,"s:78:20:78:Infinity":27,"s:79:16:79:Infinity":28,"b:81:4:81:Infinity:undefined:undefined:undefined:undefined":9,"s:81:4:81:Infinity":29,"s:81:21:81:Infinity":30,"b:82:4:82:Infinity:undefined:undefined:undefined:undefined":10,"s:82:4:82:Infinity":31,"s:82:17:82:Infinity":32,"s:83:4:83:Infinity":33,"s:85:4:85:Infinity":34,"f:89:15:89:49":7,"s:90:14:90:Infinity":35,"b:91:2:93:Infinity:undefined:undefined:undefined:undefined":11,"s:91:2:93:Infinity":36,"s:92:4:92:Infinity":37,"s:95:2:106:Infinity":38,"s:96:16:98:Infinity":39,"b:100:4:100:Infinity:undefined:undefined:undefined:undefined":12,"s:100:4:100:Infinity":40,"s:100:16:100:Infinity":41,"b:101:4:101:Infinity:undefined:undefined:undefined:undefined":13,"s:101:4:101:Infinity":42,"s:101:28:101:Infinity":43,"b:102:4:102:Infinity:undefined:undefined:undefined:undefined":14,"s:102:4:102:Infinity":44,"s:102:28:102:Infinity":45,"s:103:4:103:Infinity":46,"s:105:4:105:Infinity":47,"f:110:15:110:32":8,"s:113:62:118:Infinity":48,"s:120:23:124:Infinity":49,"b:122:36:122:53:122:53:122:Infinity":15,"b:123:37:123:49:123:49:123:Infinity":16,"s:127:24:127:Infinity":50,"s:128:14:128:Infinity":51,"s:129:21:129:Infinity":52,"s:130:21:130:Infinity":53,"s:132:17:132:Infinity":54,"s:134:19:134:Infinity":55,"f:134:33:134:38":9,"s:134:38:134:57":56,"s:135:19:135:Infinity":57,"f:135:33:135:38":10,"s:135:38:135:57":58,"s:137:2:140:Infinity":59,"s:143:31:165:Infinity":60,"f:145:10:145:22":11,"s:146:19:146:Infinity":61,"s:148:4:164:Infinity":62,"f:148:19:148:25":12,"s:149:20:152:Infinity":63,"f:149:38:149:43":13,"s:150:20:150:Infinity":64,"b:150:40:150:49:150:49:150:Infinity":17,"b:150:71:150:82:150:82:150:Infinity":18,"s:151:8:151:Infinity":65,"s:154:6:154:Infinity":66,"b:155:6:161:Infinity:157:6:161:Infinity":19,"s:155:6:161:Infinity":67,"b:155:10:155:43:155:43:155:74":20,"s:156:8:156:Infinity":68,"b:157:6:161:Infinity:159:13:161:Infinity":21,"s:157:6:161:Infinity":69,"s:158:8:158:Infinity":70,"s:160:8:160:Infinity":71,"s:163:6:163:Infinity":72}}}
,"/Users/runcible/code/runcible/trader/src/commands/portfolio.ts": {"path":"/Users/runcible/code/runcible/trader/src/commands/portfolio.ts","statementMap":{"0":{"start":{"line":9,"column":32},"end":{"line":100,"column":null}},"1":{"start":{"line":12,"column":10},"end":{"line":12,"column":null}},"2":{"start":{"line":13,"column":10},"end":{"line":13,"column":null}},"3":{"start":{"line":16,"column":20},"end":{"line":16,"column":null}},"4":{"start":{"line":17,"column":21},"end":{"line":17,"column":null}},"5":{"start":{"line":17,"column":48},"end":{"line":17,"column":66}},"6":{"start":{"line":20,"column":31},"end":{"line":20,"column":null}},"7":{"start":{"line":21,"column":8},"end":{"line":21,"column":null}},"8":{"start":{"line":22,"column":8},"end":{"line":22,"column":null}},"9":{"start":{"line":23,"column":8},"end":{"line":23,"column":null}},"10":{"start":{"line":24,"column":4},"end":{"line":34,"column":null}},"11":{"start":{"line":25,"column":21},"end":{"line":25,"column":null}},"12":{"start":{"line":26,"column":6},"end":{"line":26,"column":null}},"13":{"start":{"line":27,"column":6},"end":{"line":31,"column":null}},"14":{"start":{"line":28,"column":8},"end":{"line":28,"column":null}},"15":{"start":{"line":29,"column":8},"end":{"line":29,"column":null}},"16":{"start":{"line":30,"column":8},"end":{"line":30,"column":null}},"17":{"start":{"line":37,"column":10},"end":{"line":37,"column":null}},"18":{"start":{"line":38,"column":21},"end":{"line":38,"column":null}},"19":{"start":{"line":40,"column":4},"end":{"line":99,"column":null}},"20":{"start":{"line":60,"column":32},"end":{"line":60,"column":null}},"21":{"start":{"line":62,"column":8},"end":{"line":62,"column":null}},"22":{"start":{"line":63,"column":8},"end":{"line":63,"column":null}},"23":{"start":{"line":66,"column":8},"end":{"line":66,"column":null}},"24":{"start":{"line":67,"column":8},"end":{"line":69,"column":null}},"25":{"start":{"line":68,"column":10},"end":{"line":68,"column":null}},"26":{"start":{"line":70,"column":8},"end":{"line":70,"column":null}},"27":{"start":{"line":73,"column":8},"end":{"line":85,"column":null}},"28":{"start":{"line":74,"column":10},"end":{"line":74,"column":null}},"29":{"start":{"line":75,"column":10},"end":{"line":83,"column":null}},"30":{"start":{"line":76,"column":25},"end":{"line":76,"column":null}},"31":{"start":{"line":77,"column":18},"end":{"line":77,"column":null}},"32":{"start":{"line":78,"column":27},"end":{"line":78,"column":null}},"33":{"start":{"line":79,"column":27},"end":{"line":79,"column":null}},"34":{"start":{"line":80,"column":30},"end":{"line":80,"column":null}},"35":{"start":{"line":81,"column":18},"end":{"line":81,"column":null}},"36":{"start":{"line":82,"column":12},"end":{"line":82,"column":null}},"37":{"start":{"line":84,"column":10},"end":{"line":84,"column":null}},"38":{"start":{"line":88,"column":24},"end":{"line":88,"column":null}},"39":{"start":{"line":89,"column":8},"end":{"line":89,"column":null}},"40":{"start":{"line":90,"column":8},"end":{"line":90,"column":null}},"41":{"start":{"line":91,"column":8},"end":{"line":91,"column":null}},"42":{"start":{"line":92,"column":8},"end":{"line":92,"column":null}},"43":{"start":{"line":93,"column":8},"end":{"line":95,"column":null}},"44":{"start":{"line":94,"column":10},"end":{"line":94,"column":null}},"45":{"start":{"line":97,"column":8},"end":{"line":97,"column":null}}},"fnMap":{"0":{"name":"(anonymous_0)","decl":{"start":{"line":11,"column":17},"end":{"line":11,"column":29}},"loc":{"start":{"line":11,"column":29},"end":{"line":100,"column":3}},"line":11},"1":{"name":"(anonymous_1)","decl":{"start":{"line":17,"column":43},"end":{"line":17,"column":48}},"loc":{"start":{"line":17,"column":48},"end":{"line":17,"column":66}},"line":17},"2":{"name":"(anonymous_2)","decl":{"start":{"line":59,"column":6},"end":{"line":59,"column":12}},"loc":{"start":{"line":59,"column":12},"end":{"line":98,"column":null}},"line":59}},"branchMap":{"0":{"loc":{"start":{"line":26,"column":22},"end":{"line":26,"column":null}},"type":"binary-expr","locations":[{"start":{"line":26,"column":22},"end":{"line":26,"column":42}},{"start":{"line":26,"column":42},"end":{"line":26,"column":null}}],"line":26},"1":{"loc":{"start":{"line":73,"column":8},"end":{"line":85,"column":null}},"type":"if","locations":[{"start":{"line":73,"column":8},"end":{"line":85,"column":null}},{"start":{},"end":{}}],"line":73},"2":{"loc":{"start":{"line":76,"column":25},"end":{"line":76,"column":null}},"type":"cond-expr","locations":[{"start":{"line":76,"column":35},"end":{"line":76,"column":43}},{"start":{"line":76,"column":43},"end":{"line":76,"column":null}}],"line":76},"3":{"loc":{"start":{"line":78,"column":27},"end":{"line":78,"column":null}},"type":"binary-expr","locations":[{"start":{"line":78,"column":27},"end":{"line":78,"column":55}},{"start":{"line":78,"column":55},"end":{"line":78,"column":null}}],"line":78},"4":{"loc":{"start":{"line":79,"column":30},"end":{"line":79,"column":51}},"type":"cond-expr","locations":[{"start":{"line":79,"column":43},"end":{"line":79,"column":49}},{"start":{"line":79,"column":49},"end":{"line":79,"column":51}}],"line":79},"5":{"loc":{"start":{"line":79,"column":74},"end":{"line":79,"column":96}},"type":"cond-expr","locations":[{"start":{"line":79,"column":88},"end":{"line":79,"column":94}},{"start":{"line":79,"column":94},"end":{"line":79,"column":96}}],"line":79},"6":{"loc":{"start":{"line":80,"column":30},"end":{"line":80,"column":null}},"type":"cond-expr","locations":[{"start":{"line":80,"column":44},"end":{"line":80,"column":57}},{"start":{"line":80,"column":57},"end":{"line":80,"column":null}}],"line":80},"7":{"loc":{"start":{"line":81,"column":27},"end":{"line":81,"column":66}},"type":"binary-expr","locations":[{"start":{"line":81,"column":27},"end":{"line":81,"column":54}},{"start":{"line":81,"column":54},"end":{"line":81,"column":66}}],"line":81},"8":{"loc":{"start":{"line":90,"column":37},"end":{"line":90,"column":60}},"type":"cond-expr","locations":[{"start":{"line":90,"column":52},"end":{"line":90,"column":58}},{"start":{"line":90,"column":58},"end":{"line":90,"column":60}}],"line":90},"9":{"loc":{"start":{"line":91,"column":37},"end":{"line":91,"column":70}},"type":"cond-expr","locations":[{"start":{"line":91,"column":62},"end":{"line":91,"column":68}},{"start":{"line":91,"column":68},"end":{"line":91,"column":70}}],"line":91},"10":{"loc":{"start":{"line":92,"column":37},"end":{"line":92,"column":61}},"type":"cond-expr","locations":[{"start":{"line":92,"column":53},"end":{"line":92,"column":59}},{"start":{"line":92,"column":59},"end":{"line":92,"column":61}}],"line":92},"11":{"loc":{"start":{"line":93,"column":8},"end":{"line":95,"column":null}},"type":"if","locations":[{"start":{"line":93,"column":8},"end":{"line":95,"column":null}},{"start":{},"end":{}}],"line":93}},"s":{"0":1,"1":4,"2":4,"3":4,"4":4,"5":6,"6":4,"7":4,"8":4,"9":4,"10":4,"11":4,"12":3,"13":4,"14":2,"15":2,"16":2,"17":4,"18":4,"19":4,"20":1,"21":1,"22":1,"23":1,"24":1,"25":1,"26":1,"27":1,"28":1,"29":1,"30":1,"31":1,"32":1,"33":1,"34":1,"35":1,"36":1,"37":1,"38":1,"39":1,"40":1,"41":1,"42":1,"43":1,"44":1,"45":1},"f":{"0":4,"1":6,"2":1},"b":{"0":[3,0],"1":[1,0],"2":[1,0],"3":[1,0],"4":[1,0],"5":[1,0],"6":[0,1],"7":[1,0],"8":[1,0],"9":[1,0],"10":[1,0],"11":[1,0]},"meta":{"lastBranch":12,"lastFunction":3,"lastStatement":46,"seen":{"s:9:32:100:Infinity":0,"f:11:17:11:29":0,"s:12:10:12:Infinity":1,"s:13:10:13:Infinity":2,"s:16:20:16:Infinity":3,"s:17:21:17:Infinity":4,"f:17:43:17:48":1,"s:17:48:17:66":5,"s:20:31:20:Infinity":6,"s:21:8:21:Infinity":7,"s:22:8:22:Infinity":8,"s:23:8:23:Infinity":9,"s:24:4:34:Infinity":10,"s:25:21:25:Infinity":11,"s:26:6:26:Infinity":12,"b:26:22:26:42:26:42:26:Infinity":0,"s:27:6:31:Infinity":13,"s:28:8:28:Infinity":14,"s:29:8:29:Infinity":15,"s:30:8:30:Infinity":16,"s:37:10:37:Infinity":17,"s:38:21:38:Infinity":18,"s:40:4:99:Infinity":19,"f:59:6:59:12":2,"s:60:32:60:Infinity":20,"s:62:8:62:Infinity":21,"s:63:8:63:Infinity":22,"s:66:8:66:Infinity":23,"s:67:8:69:Infinity":24,"s:68:10:68:Infinity":25,"s:70:8:70:Infinity":26,"b:73:8:85:Infinity:undefined:undefined:undefined:undefined":1,"s:73:8:85:Infinity":27,"s:74:10:74:Infinity":28,"s:75:10:83:Infinity":29,"s:76:25:76:Infinity":30,"b:76:35:76:43:76:43:76:Infinity":2,"s:77:18:77:Infinity":31,"s:78:27:78:Infinity":32,"b:78:27:78:55:78:55:78:Infinity":3,"s:79:27:79:Infinity":33,"b:79:43:79:49:79:49:79:51":4,"b:79:88:79:94:79:94:79:96":5,"s:80:30:80:Infinity":34,"b:80:44:80:57:80:57:80:Infinity":6,"s:81:18:81:Infinity":35,"b:81:27:81:54:81:54:81:66":7,"s:82:12:82:Infinity":36,"s:84:10:84:Infinity":37,"s:88:24:88:Infinity":38,"s:89:8:89:Infinity":39,"s:90:8:90:Infinity":40,"b:90:52:90:58:90:58:90:60":8,"s:91:8:91:Infinity":41,"b:91:62:91:68:91:68:91:70":9,"s:92:8:92:Infinity":42,"b:92:53:92:59:92:59:92:61":10,"b:93:8:95:Infinity:undefined:undefined:undefined:undefined":11,"s:93:8:95:Infinity":43,"s:94:10:94:Infinity":44,"s:97:8:97:Infinity":45}}}
,"/Users/runcible/code/runcible/trader/src/commands/shared.ts": {"path":"/Users/runcible/code/runcible/trader/src/commands/shared.ts","statementMap":{"0":{"start":{"line":5,"column":34},"end":{"line":5,"column":null}},"1":{"start":{"line":8,"column":2},"end":{"line":8,"column":null}},"2":{"start":{"line":12,"column":2},"end":{"line":12,"column":null}},"3":{"start":{"line":17,"column":2},"end":{"line":21,"column":null}},"4":{"start":{"line":18,"column":4},"end":{"line":18,"column":null}},"5":{"start":{"line":20,"column":4},"end":{"line":20,"column":null}},"6":{"start":{"line":26,"column":2},"end":{"line":31,"column":null}},"7":{"start":{"line":27,"column":4},"end":{"line":27,"column":null}},"8":{"start":{"line":28,"column":4},"end":{"line":28,"column":null}},"9":{"start":{"line":28,"column":17},"end":{"line":28,"column":null}},"10":{"start":{"line":30,"column":4},"end":{"line":30,"column":null}},"11":{"start":{"line":32,"column":2},"end":{"line":32,"column":null}},"12":{"start":{"line":43,"column":2},"end":{"line":49,"column":null}},"13":{"start":{"line":44,"column":4},"end":{"line":48,"column":null}},"14":{"start":{"line":45,"column":6},"end":{"line":45,"column":null}},"15":{"start":{"line":47,"column":6},"end":{"line":47,"column":null}},"16":{"start":{"line":53,"column":31},"end":{"line":53,"column":null}},"17":{"start":{"line":54,"column":25},"end":{"line":54,"column":null}}},"fnMap":{"0":{"name":"setRootProgram","decl":{"start":{"line":7,"column":16},"end":{"line":7,"column":31}},"loc":{"start":{"line":7,"column":55},"end":{"line":9,"column":null}},"line":7},"1":{"name":"getOpts","decl":{"start":{"line":11,"column":9},"end":{"line":11,"column":37}},"loc":{"start":{"line":11,"column":37},"end":{"line":13,"column":null}},"line":11},"2":{"name":"output","decl":{"start":{"line":16,"column":16},"end":{"line":16,"column":23}},"loc":{"start":{"line":16,"column":68},"end":{"line":22,"column":null}},"line":16},"3":{"name":"error","decl":{"start":{"line":25,"column":16},"end":{"line":25,"column":22}},"loc":{"start":{"line":25,"column":61},"end":{"line":33,"column":null}},"line":25},"4":{"name":"action","decl":{"start":{"line":42,"column":16},"end":{"line":42,"column":23}},"loc":{"start":{"line":42,"column":69},"end":{"line":50,"column":null}},"line":42},"5":{"name":"(anonymous_5)","decl":{"start":{"line":43,"column":9},"end":{"line":43,"column":19}},"loc":{"start":{"line":43,"column":35},"end":{"line":49,"column":null}},"line":43}},"branchMap":{"0":{"loc":{"start":{"line":12,"column":9},"end":{"line":12,"column":null}},"type":"binary-expr","locations":[{"start":{"line":12,"column":9},"end":{"line":12,"column":32}},{"start":{"line":12,"column":32},"end":{"line":12,"column":null}}],"line":12},"1":{"loc":{"start":{"line":17,"column":2},"end":{"line":21,"column":null}},"type":"if","locations":[{"start":{"line":17,"column":2},"end":{"line":21,"column":null}},{"start":{"line":19,"column":9},"end":{"line":21,"column":null}}],"line":17},"2":{"loc":{"start":{"line":17,"column":6},"end":{"line":17,"column":35}},"type":"binary-expr","locations":[{"start":{"line":17,"column":6},"end":{"line":17,"column":22}},{"start":{"line":17,"column":22},"end":{"line":17,"column":35}}],"line":17},"3":{"loc":{"start":{"line":26,"column":2},"end":{"line":31,"column":null}},"type":"if","locations":[{"start":{"line":26,"column":2},"end":{"line":31,"column":null}},{"start":{"line":29,"column":9},"end":{"line":31,"column":null}}],"line":26},"4":{"loc":{"start":{"line":28,"column":4},"end":{"line":28,"column":null}},"type":"if","locations":[{"start":{"line":28,"column":4},"end":{"line":28,"column":null}},{"start":{},"end":{}}],"line":28},"5":{"loc":{"start":{"line":47,"column":12},"end":{"line":47,"column":42}},"type":"binary-expr","locations":[{"start":{"line":47,"column":12},"end":{"line":47,"column":25}},{"start":{"line":47,"column":25},"end":{"line":47,"column":42}}],"line":47},"6":{"loc":{"start":{"line":47,"column":42},"end":{"line":47,"column":62}},"type":"binary-expr","locations":[{"start":{"line":47,"column":42},"end":{"line":47,"column":53}},{"start":{"line":47,"column":53},"end":{"line":47,"column":62}}],"line":47}},"s":{"0":2,"1":5,"2":11,"3":8,"4":1,"5":7,"6":3,"7":0,"8":0,"9":0,"10":3,"11":3,"12":2,"13":2,"14":2,"15":1,"16":2,"17":2},"f":{"0":5,"1":11,"2":8,"3":3,"4":2,"5":2},"b":{"0":[11,7],"1":[1,7],"2":[8,1],"3":[0,3],"4":[0,0],"5":[1,0],"6":[1,1]},"meta":{"lastBranch":7,"lastFunction":6,"lastStatement":18,"seen":{"s:5:34:5:Infinity":0,"f:7:16:7:31":0,"s:8:2:8:Infinity":1,"f:11:9:11:37":1,"s:12:2:12:Infinity":2,"b:12:9:12:32:12:32:12:Infinity":0,"f:16:16:16:23":2,"b:17:2:21:Infinity:19:9:21:Infinity":1,"s:17:2:21:Infinity":3,"b:17:6:17:22:17:22:17:35":2,"s:18:4:18:Infinity":4,"s:20:4:20:Infinity":5,"f:25:16:25:22":3,"b:26:2:31:Infinity:29:9:31:Infinity":3,"s:26:2:31:Infinity":6,"s:27:4:27:Infinity":7,"b:28:4:28:Infinity:undefined:undefined:undefined:undefined":4,"s:28:4:28:Infinity":8,"s:28:17:28:Infinity":9,"s:30:4:30:Infinity":10,"s:32:2:32:Infinity":11,"f:42:16:42:23":4,"s:43:2:49:Infinity":12,"f:43:9:43:19":5,"s:44:4:48:Infinity":13,"s:45:6:45:Infinity":14,"s:47:6:47:Infinity":15,"b:47:12:47:25:47:25:47:42":5,"b:47:42:47:53:47:53:47:62":6,"s:53:31:53:Infinity":16,"s:54:25:54:Infinity":17}}}
,"/Users/runcible/code/runcible/trader/src/commands/wallet.ts": {"path":"/Users/runcible/code/runcible/trader/src/commands/wallet.ts","statementMap":{"0":{"start":{"line":9,"column":29},"end":{"line":9,"column":null}},"1":{"start":{"line":11,"column":0},"end":{"line":26,"column":null}},"2":{"start":{"line":15,"column":10},"end":{"line":15,"column":null}},"3":{"start":{"line":16,"column":4},"end":{"line":25,"column":null}},"4":{"start":{"line":17,"column":12},"end":{"line":17,"column":null}},"5":{"start":{"line":18,"column":22},"end":{"line":18,"column":null}},"6":{"start":{"line":19,"column":6},"end":{"line":22,"column":null}},"7":{"start":{"line":21,"column":14},"end":{"line":21,"column":null}},"8":{"start":{"line":24,"column":6},"end":{"line":24,"column":null}},"9":{"start":{"line":28,"column":0},"end":{"line":39,"column":null}},"10":{"start":{"line":32,"column":10},"end":{"line":32,"column":null}},"11":{"start":{"line":33,"column":4},"end":{"line":38,"column":null}},"12":{"start":{"line":34,"column":12},"end":{"line":34,"column":null}},"13":{"start":{"line":35,"column":6},"end":{"line":35,"column":null}},"14":{"start":{"line":35,"column":32},"end":{"line":35,"column":39}},"15":{"start":{"line":37,"column":6},"end":{"line":37,"column":null}},"16":{"start":{"line":41,"column":0},"end":{"line":55,"column":null}},"17":{"start":{"line":45,"column":10},"end":{"line":45,"column":null}},"18":{"start":{"line":46,"column":4},"end":{"line":54,"column":null}},"19":{"start":{"line":47,"column":25},"end":{"line":47,"column":null}},"20":{"start":{"line":48,"column":6},"end":{"line":51,"column":null}},"21":{"start":{"line":50,"column":14},"end":{"line":50,"column":null}},"22":{"start":{"line":53,"column":6},"end":{"line":53,"column":null}}},"fnMap":{"0":{"name":"(anonymous_0)","decl":{"start":{"line":14,"column":10},"end":{"line":14,"column":22}},"loc":{"start":{"line":14,"column":22},"end":{"line":26,"column":3}},"line":14},"1":{"name":"(anonymous_1)","decl":{"start":{"line":21,"column":8},"end":{"line":21,"column":14}},"loc":{"start":{"line":21,"column":14},"end":{"line":21,"column":null}},"line":21},"2":{"name":"(anonymous_2)","decl":{"start":{"line":31,"column":10},"end":{"line":31,"column":22}},"loc":{"start":{"line":31,"column":22},"end":{"line":39,"column":3}},"line":31},"3":{"name":"(anonymous_3)","decl":{"start":{"line":35,"column":26},"end":{"line":35,"column":32}},"loc":{"start":{"line":35,"column":32},"end":{"line":35,"column":39}},"line":35},"4":{"name":"(anonymous_4)","decl":{"start":{"line":44,"column":10},"end":{"line":44,"column":22}},"loc":{"start":{"line":44,"column":22},"end":{"line":55,"column":3}},"line":44},"5":{"name":"(anonymous_5)","decl":{"start":{"line":50,"column":8},"end":{"line":50,"column":14}},"loc":{"start":{"line":50,"column":14},"end":{"line":50,"column":null}},"line":50}},"branchMap":{},"s":{"0":0,"1":0,"2":0,"3":0,"4":0,"5":0,"6":0,"7":0,"8":0,"9":0,"10":0,"11":0,"12":0,"13":0,"14":0,"15":0,"16":0,"17":0,"18":0,"19":0,"20":0,"21":0,"22":0},"f":{"0":0,"1":0,"2":0,"3":0,"4":0,"5":0},"b":{},"meta":{"lastBranch":0,"lastFunction":6,"lastStatement":23,"seen":{"s:9:29:9:Infinity":0,"s:11:0:26:Infinity":1,"f:14:10:14:22":0,"s:15:10:15:Infinity":2,"s:16:4:25:Infinity":3,"s:17:12:17:Infinity":4,"s:18:22:18:Infinity":5,"s:19:6:22:Infinity":6,"f:21:8:21:14":1,"s:21:14:21:Infinity":7,"s:24:6:24:Infinity":8,"s:28:0:39:Infinity":9,"f:31:10:31:22":2,"s:32:10:32:Infinity":10,"s:33:4:38:Infinity":11,"s:34:12:34:Infinity":12,"s:35:6:35:Infinity":13,"f:35:26:35:32":3,"s:35:32:35:39":14,"s:37:6:37:Infinity":15,"s:41:0:55:Infinity":16,"f:44:10:44:22":4,"s:45:10:45:Infinity":17,"s:46:4:54:Infinity":18,"s:47:25:47:Infinity":19,"s:48:6:51:Infinity":20,"f:50:8:50:14":5,"s:50:14:50:Infinity":21,"s:53:6:53:Infinity":22}}}
,"/Users/runcible/code/runcible/trader/src/commands/nfts/floor.ts": {"path":"/Users/runcible/code/runcible/trader/src/commands/nfts/floor.ts","statementMap":{"0":{"start":{"line":5,"column":28},"end":{"line":33,"column":null}},"1":{"start":{"line":9,"column":4},"end":{"line":32,"column":null}},"2":{"start":{"line":10,"column":20},"end":{"line":10,"column":null}},"3":{"start":{"line":11,"column":12},"end":{"line":11,"column":null}},"4":{"start":{"line":13,"column":6},"end":{"line":29,"column":null}},"5":{"start":{"line":23,"column":19},"end":{"line":23,"column":null}},"6":{"start":{"line":24,"column":10},"end":{"line":24,"column":null}},"7":{"start":{"line":25,"column":10},"end":{"line":25,"column":null}},"8":{"start":{"line":26,"column":10},"end":{"line":26,"column":null}},"9":{"start":{"line":27,"column":10},"end":{"line":27,"column":null}},"10":{"start":{"line":31,"column":6},"end":{"line":31,"column":null}}},"fnMap":{"0":{"name":"(anonymous_0)","decl":{"start":{"line":8,"column":10},"end":{"line":8,"column":17}},"loc":{"start":{"line":8,"column":32},"end":{"line":33,"column":3}},"line":8},"1":{"name":"(anonymous_1)","decl":{"start":{"line":22,"column":8},"end":{"line":22,"column":14}},"loc":{"start":{"line":22,"column":14},"end":{"line":28,"column":null}},"line":22}},"branchMap":{},"s":{"0":0,"1":0,"2":0,"3":0,"4":0,"5":0,"6":0,"7":0,"8":0,"9":0,"10":0},"f":{"0":0,"1":0},"b":{},"meta":{"lastBranch":0,"lastFunction":2,"lastStatement":11,"seen":{"s:5:28:33:Infinity":0,"f:8:10:8:17":0,"s:9:4:32:Infinity":1,"s:10:20:10:Infinity":2,"s:11:12:11:Infinity":3,"s:13:6:29:Infinity":4,"f:22:8:22:14":1,"s:23:19:23:Infinity":5,"s:24:10:24:Infinity":6,"s:25:10:25:Infinity":7,"s:26:10:26:Infinity":8,"s:27:10:27:Infinity":9,"s:31:6:31:Infinity":10}}}
,"/Users/runcible/code/runcible/trader/src/commands/nfts/index.ts": {"path":"/Users/runcible/code/runcible/trader/src/commands/nfts/index.ts","statementMap":{"0":{"start":{"line":8,"column":27},"end":{"line":9,"column":null}},"1":{"start":{"line":11,"column":0},"end":{"line":11,"column":null}},"2":{"start":{"line":12,"column":0},"end":{"line":12,"column":null}},"3":{"start":{"line":13,"column":0},"end":{"line":13,"column":null}},"4":{"start":{"line":14,"column":0},"end":{"line":14,"column":null}},"5":{"start":{"line":15,"column":0},"end":{"line":15,"column":null}}},"fnMap":{},"branchMap":{},"s":{"0":0,"1":0,"2":0,"3":0,"4":0,"5":0},"f":{},"b":{},"meta":{"lastBranch":0,"lastFunction":0,"lastStatement":6,"seen":{"s:8:27:9:Infinity":0,"s:11:0:11:Infinity":1,"s:12:0:12:Infinity":2,"s:13:0:13:Infinity":3,"s:14:0:14:Infinity":4,"s:15:0:15:Infinity":5}}}
,"/Users/runcible/code/runcible/trader/src/commands/nfts/listings.ts": {"path":"/Users/runcible/code/runcible/trader/src/commands/nfts/listings.ts","statementMap":{"0":{"start":{"line":5,"column":31},"end":{"line":42,"column":null}},"1":{"start":{"line":10,"column":4},"end":{"line":41,"column":null}},"2":{"start":{"line":11,"column":23},"end":{"line":11,"column":null}},"3":{"start":{"line":13,"column":6},"end":{"line":16,"column":null}},"4":{"start":{"line":14,"column":8},"end":{"line":14,"column":null}},"5":{"start":{"line":14,"column":51},"end":{"line":14,"column":70}},"6":{"start":{"line":15,"column":8},"end":{"line":15,"column":null}},"7":{"start":{"line":18,"column":27},"end":{"line":24,"column":null}},"8":{"start":{"line":18,"column":48},"end":{"line":24,"column":8}},"9":{"start":{"line":26,"column":6},"end":{"line":38,"column":null}},"10":{"start":{"line":29,"column":19},"end":{"line":29,"column":null}},"11":{"start":{"line":30,"column":10},"end":{"line":34,"column":null}},"12":{"start":{"line":31,"column":18},"end":{"line":31,"column":null}},"13":{"start":{"line":32,"column":12},"end":{"line":32,"column":null}},"14":{"start":{"line":33,"column":12},"end":{"line":33,"column":null}},"15":{"start":{"line":35,"column":10},"end":{"line":35,"column":null}},"16":{"start":{"line":36,"column":10},"end":{"line":36,"column":null}},"17":{"start":{"line":40,"column":6},"end":{"line":40,"column":null}}},"fnMap":{"0":{"name":"(anonymous_0)","decl":{"start":{"line":9,"column":10},"end":{"line":9,"column":17}},"loc":{"start":{"line":9,"column":41},"end":{"line":42,"column":3}},"line":9},"1":{"name":"(anonymous_1)","decl":{"start":{"line":14,"column":45},"end":{"line":14,"column":51}},"loc":{"start":{"line":14,"column":51},"end":{"line":14,"column":70}},"line":14},"2":{"name":"(anonymous_2)","decl":{"start":{"line":18,"column":40},"end":{"line":18,"column":41}},"loc":{"start":{"line":18,"column":48},"end":{"line":24,"column":8}},"line":18},"3":{"name":"(anonymous_3)","decl":{"start":{"line":28,"column":8},"end":{"line":28,"column":14}},"loc":{"start":{"line":28,"column":14},"end":{"line":37,"column":null}},"line":28}},"branchMap":{"0":{"loc":{"start":{"line":13,"column":6},"end":{"line":16,"column":null}},"type":"if","locations":[{"start":{"line":13,"column":6},"end":{"line":16,"column":null}},{"start":{},"end":{}}],"line":13}},"s":{"0":0,"1":0,"2":0,"3":0,"4":0,"5":0,"6":0,"7":0,"8":0,"9":0,"10":0,"11":0,"12":0,"13":0,"14":0,"15":0,"16":0,"17":0},"f":{"0":0,"1":0,"2":0,"3":0},"b":{"0":[0,0]},"meta":{"lastBranch":1,"lastFunction":4,"lastStatement":18,"seen":{"s:5:31:42:Infinity":0,"f:9:10:9:17":0,"s:10:4:41:Infinity":1,"s:11:23:11:Infinity":2,"b:13:6:16:Infinity:undefined:undefined:undefined:undefined":0,"s:13:6:16:Infinity":3,"s:14:8:14:Infinity":4,"f:14:45:14:51":1,"s:14:51:14:70":5,"s:15:8:15:Infinity":6,"s:18:27:24:Infinity":7,"f:18:40:18:41":2,"s:18:48:24:8":8,"s:26:6:38:Infinity":9,"f:28:8:28:14":3,"s:29:19:29:Infinity":10,"s:30:10:34:Infinity":11,"s:31:18:31:Infinity":12,"s:32:12:32:Infinity":13,"s:33:12:33:Infinity":14,"s:35:10:35:Infinity":15,"s:36:10:36:Infinity":16,"s:40:6:40:Infinity":17}}}
,"/Users/runcible/code/runcible/trader/src/commands/nfts/popular.ts": {"path":"/Users/runcible/code/runcible/trader/src/commands/nfts/popular.ts","statementMap":{"0":{"start":{"line":5,"column":30},"end":{"line":36,"column":null}},"1":{"start":{"line":9,"column":4},"end":{"line":35,"column":null}},"2":{"start":{"line":10,"column":26},"end":{"line":10,"column":null}},"3":{"start":{"line":11,"column":22},"end":{"line":11,"column":null}},"4":{"start":{"line":13,"column":30},"end":{"line":19,"column":null}},"5":{"start":{"line":13,"column":50},"end":{"line":19,"column":8}},"6":{"start":{"line":21,"column":6},"end":{"line":32,"column":null}},"7":{"start":{"line":24,"column":19},"end":{"line":24,"column":null}},"8":{"start":{"line":25,"column":10},"end":{"line":29,"column":null}},"9":{"start":{"line":26,"column":18},"end":{"line":26,"column":null}},"10":{"start":{"line":27,"column":12},"end":{"line":27,"column":null}},"11":{"start":{"line":28,"column":12},"end":{"line":28,"column":null}},"12":{"start":{"line":30,"column":10},"end":{"line":30,"column":null}},"13":{"start":{"line":34,"column":6},"end":{"line":34,"column":null}}},"fnMap":{"0":{"name":"(anonymous_0)","decl":{"start":{"line":8,"column":10},"end":{"line":8,"column":17}},"loc":{"start":{"line":8,"column":29},"end":{"line":36,"column":3}},"line":8},"1":{"name":"(anonymous_1)","decl":{"start":{"line":13,"column":42},"end":{"line":13,"column":43}},"loc":{"start":{"line":13,"column":50},"end":{"line":19,"column":8}},"line":13},"2":{"name":"(anonymous_2)","decl":{"start":{"line":23,"column":8},"end":{"line":23,"column":14}},"loc":{"start":{"line":23,"column":14},"end":{"line":31,"column":null}},"line":23}},"branchMap":{},"s":{"0":0,"1":0,"2":0,"3":0,"4":0,"5":0,"6":0,"7":0,"8":0,"9":0,"10":0,"11":0,"12":0,"13":0},"f":{"0":0,"1":0,"2":0},"b":{},"meta":{"lastBranch":0,"lastFunction":3,"lastStatement":14,"seen":{"s:5:30:36:Infinity":0,"f:8:10:8:17":0,"s:9:4:35:Infinity":1,"s:10:26:10:Infinity":2,"s:11:22:11:Infinity":3,"s:13:30:19:Infinity":4,"f:13:42:13:43":1,"s:13:50:19:8":5,"s:21:6:32:Infinity":6,"f:23:8:23:14":2,"s:24:19:24:Infinity":7,"s:25:10:29:Infinity":8,"s:26:18:26:Infinity":9,"s:27:12:27:Infinity":10,"s:28:12:28:Infinity":11,"s:30:10:30:Infinity":12,"s:34:6:34:Infinity":13}}}
,"/Users/runcible/code/runcible/trader/src/commands/nfts/positions.ts": {"path":"/Users/runcible/code/runcible/trader/src/commands/nfts/positions.ts","statementMap":{"0":{"start":{"line":6,"column":32},"end":{"line":26,"column":null}},"1":{"start":{"line":9,"column":10},"end":{"line":9,"column":null}},"2":{"start":{"line":10,"column":10},"end":{"line":10,"column":null}},"3":{"start":{"line":11,"column":17},"end":{"line":11,"column":null}},"4":{"start":{"line":13,"column":4},"end":{"line":25,"column":null}},"5":{"start":{"line":14,"column":58},"end":{"line":14,"column":148}},"6":{"start":{"line":16,"column":8},"end":{"line":16,"column":null}},"7":{"start":{"line":16,"column":31},"end":{"line":16,"column":null}},"8":{"start":{"line":17,"column":17},"end":{"line":17,"column":null}},"9":{"start":{"line":18,"column":8},"end":{"line":22,"column":null}},"10":{"start":{"line":19,"column":25},"end":{"line":19,"column":null}},"11":{"start":{"line":20,"column":10},"end":{"line":20,"column":null}},"12":{"start":{"line":21,"column":10},"end":{"line":21,"column":null}},"13":{"start":{"line":23,"column":8},"end":{"line":23,"column":null}}},"fnMap":{"0":{"name":"(anonymous_0)","decl":{"start":{"line":8,"column":17},"end":{"line":8,"column":29}},"loc":{"start":{"line":8,"column":29},"end":{"line":26,"column":3}},"line":8},"1":{"name":"(anonymous_1)","decl":{"start":{"line":14,"column":52},"end":{"line":14,"column":58}},"loc":{"start":{"line":14,"column":58},"end":{"line":14,"column":148}},"line":14},"2":{"name":"(anonymous_2)","decl":{"start":{"line":15,"column":6},"end":{"line":15,"column":12}},"loc":{"start":{"line":15,"column":12},"end":{"line":24,"column":null}},"line":15}},"branchMap":{"0":{"loc":{"start":{"line":14,"column":87},"end":{"line":14,"column":108}},"type":"binary-expr","locations":[{"start":{"line":14,"column":87},"end":{"line":14,"column":97}},{"start":{"line":14,"column":97},"end":{"line":14,"column":108}}],"line":14},"1":{"loc":{"start":{"line":14,"column":120},"end":{"line":14,"column":146}},"type":"binary-expr","locations":[{"start":{"line":14,"column":120},"end":{"line":14,"column":136}},{"start":{"line":14,"column":136},"end":{"line":14,"column":146}}],"line":14},"2":{"loc":{"start":{"line":16,"column":8},"end":{"line":16,"column":null}},"type":"if","locations":[{"start":{"line":16,"column":8},"end":{"line":16,"column":null}},{"start":{},"end":{}}],"line":16},"3":{"loc":{"start":{"line":19,"column":25},"end":{"line":19,"column":null}},"type":"cond-expr","locations":[{"start":{"line":19,"column":53},"end":{"line":19,"column":67}},{"start":{"line":19,"column":67},"end":{"line":19,"column":null}}],"line":19},"4":{"loc":{"start":{"line":20,"column":22},"end":{"line":20,"column":43}},"type":"binary-expr","locations":[{"start":{"line":20,"column":22},"end":{"line":20,"column":32}},{"start":{"line":20,"column":32},"end":{"line":20,"column":43}}],"line":20},"5":{"loc":{"start":{"line":21,"column":23},"end":{"line":21,"column":48}},"type":"binary-expr","locations":[{"start":{"line":21,"column":23},"end":{"line":21,"column":39}},{"start":{"line":21,"column":39},"end":{"line":21,"column":48}}],"line":21}},"s":{"0":0,"1":0,"2":0,"3":0,"4":0,"5":0,"6":0,"7":0,"8":0,"9":0,"10":0,"11":0,"12":0,"13":0},"f":{"0":0,"1":0,"2":0},"b":{"0":[0,0],"1":[0,0],"2":[0,0],"3":[0,0],"4":[0,0],"5":[0,0]},"meta":{"lastBranch":6,"lastFunction":3,"lastStatement":14,"seen":{"s:6:32:26:Infinity":0,"f:8:17:8:29":0,"s:9:10:9:Infinity":1,"s:10:10:10:Infinity":2,"s:11:17:11:Infinity":3,"s:13:4:25:Infinity":4,"f:14:52:14:58":1,"s:14:58:14:148":5,"b:14:87:14:97:14:97:14:108":0,"b:14:120:14:136:14:136:14:146":1,"f:15:6:15:12":2,"b:16:8:16:Infinity:undefined:undefined:undefined:undefined":2,"s:16:8:16:Infinity":6,"s:16:31:16:Infinity":7,"s:17:17:17:Infinity":8,"s:18:8:22:Infinity":9,"s:19:25:19:Infinity":10,"b:19:53:19:67:19:67:19:Infinity":3,"s:20:10:20:Infinity":11,"b:20:22:20:32:20:32:20:43":4,"s:21:10:21:Infinity":12,"b:21:23:21:39:21:39:21:48":5,"s:23:8:23:Infinity":13}}}
,"/Users/runcible/code/runcible/trader/src/commands/nfts/search.ts": {"path":"/Users/runcible/code/runcible/trader/src/commands/nfts/search.ts","statementMap":{"0":{"start":{"line":5,"column":29},"end":{"line":41,"column":null}},"1":{"start":{"line":9,"column":4},"end":{"line":40,"column":null}},"2":{"start":{"line":10,"column":26},"end":{"line":10,"column":null}},"3":{"start":{"line":11,"column":22},"end":{"line":11,"column":null}},"4":{"start":{"line":13,"column":6},"end":{"line":16,"column":null}},"5":{"start":{"line":14,"column":8},"end":{"line":14,"column":null}},"6":{"start":{"line":14,"column":49},"end":{"line":14,"column":71}},"7":{"start":{"line":15,"column":8},"end":{"line":15,"column":null}},"8":{"start":{"line":18,"column":30},"end":{"line":24,"column":null}},"9":{"start":{"line":18,"column":50},"end":{"line":24,"column":8}},"10":{"start":{"line":26,"column":6},"end":{"line":37,"column":null}},"11":{"start":{"line":29,"column":19},"end":{"line":29,"column":null}},"12":{"start":{"line":30,"column":10},"end":{"line":34,"column":null}},"13":{"start":{"line":31,"column":18},"end":{"line":31,"column":null}},"14":{"start":{"line":32,"column":12},"end":{"line":32,"column":null}},"15":{"start":{"line":33,"column":12},"end":{"line":33,"column":null}},"16":{"start":{"line":35,"column":10},"end":{"line":35,"column":null}},"17":{"start":{"line":39,"column":6},"end":{"line":39,"column":null}}},"fnMap":{"0":{"name":"(anonymous_0)","decl":{"start":{"line":8,"column":10},"end":{"line":8,"column":17}},"loc":{"start":{"line":8,"column":27},"end":{"line":41,"column":3}},"line":8},"1":{"name":"(anonymous_1)","decl":{"start":{"line":14,"column":43},"end":{"line":14,"column":49}},"loc":{"start":{"line":14,"column":49},"end":{"line":14,"column":71}},"line":14},"2":{"name":"(anonymous_2)","decl":{"start":{"line":18,"column":42},"end":{"line":18,"column":43}},"loc":{"start":{"line":18,"column":50},"end":{"line":24,"column":8}},"line":18},"3":{"name":"(anonymous_3)","decl":{"start":{"line":28,"column":8},"end":{"line":28,"column":14}},"loc":{"start":{"line":28,"column":14},"end":{"line":36,"column":null}},"line":28}},"branchMap":{"0":{"loc":{"start":{"line":13,"column":6},"end":{"line":16,"column":null}},"type":"if","locations":[{"start":{"line":13,"column":6},"end":{"line":16,"column":null}},{"start":{},"end":{}}],"line":13}},"s":{"0":0,"1":0,"2":0,"3":0,"4":0,"5":0,"6":0,"7":0,"8":0,"9":0,"10":0,"11":0,"12":0,"13":0,"14":0,"15":0,"16":0,"17":0},"f":{"0":0,"1":0,"2":0,"3":0},"b":{"0":[0,0]},"meta":{"lastBranch":1,"lastFunction":4,"lastStatement":18,"seen":{"s:5:29:41:Infinity":0,"f:8:10:8:17":0,"s:9:4:40:Infinity":1,"s:10:26:10:Infinity":2,"s:11:22:11:Infinity":3,"b:13:6:16:Infinity:undefined:undefined:undefined:undefined":0,"s:13:6:16:Infinity":4,"s:14:8:14:Infinity":5,"f:14:43:14:49":1,"s:14:49:14:71":6,"s:15:8:15:Infinity":7,"s:18:30:24:Infinity":8,"f:18:42:18:43":2,"s:18:50:24:8":9,"s:26:6:37:Infinity":10,"f:28:8:28:14":3,"s:29:19:29:Infinity":11,"s:30:10:34:Infinity":12,"s:31:18:31:Infinity":13,"s:32:12:32:Infinity":14,"s:33:12:33:Infinity":15,"s:35:10:35:Infinity":16,"s:39:6:39:Infinity":17}}}
,"/Users/runcible/code/runcible/trader/src/commands/perps/index.ts": {"path":"/Users/runcible/code/runcible/trader/src/commands/perps/index.ts","statementMap":{"0":{"start":{"line":6,"column":28},"end":{"line":7,"column":null}},"1":{"start":{"line":9,"column":0},"end":{"line":9,"column":null}},"2":{"start":{"line":10,"column":0},"end":{"line":10,"column":null}},"3":{"start":{"line":11,"column":0},"end":{"line":11,"column":null}}},"fnMap":{},"branchMap":{},"s":{"0":0,"1":0,"2":0,"3":0},"f":{},"b":{},"meta":{"lastBranch":0,"lastFunction":0,"lastStatement":4,"seen":{"s:6:28:7:Infinity":0,"s:9:0:9:Infinity":1,"s:10:0:10:Infinity":2,"s:11:0:11:Infinity":3}}}
,"/Users/runcible/code/runcible/trader/src/commands/perps/pool.ts": {"path":"/Users/runcible/code/runcible/trader/src/commands/perps/pool.ts","statementMap":{"0":{"start":{"line":7,"column":27},"end":{"line":38,"column":null}},"1":{"start":{"line":10,"column":4},"end":{"line":37,"column":null}},"2":{"start":{"line":11,"column":12},"end":{"line":11,"column":null}},"3":{"start":{"line":12,"column":25},"end":{"line":12,"column":null}},"4":{"start":{"line":14,"column":20},"end":{"line":14,"column":null}},"5":{"start":{"line":16,"column":6},"end":{"line":34,"column":null}},"6":{"start":{"line":25,"column":10},"end":{"line":33,"column":null}},"7":{"start":{"line":36,"column":6},"end":{"line":36,"column":null}}},"fnMap":{"0":{"name":"(anonymous_0)","decl":{"start":{"line":9,"column":10},"end":{"line":9,"column":22}},"loc":{"start":{"line":9,"column":22},"end":{"line":38,"column":3}},"line":9},"1":{"name":"(anonymous_1)","decl":{"start":{"line":24,"column":8},"end":{"line":24,"column":null}},"loc":{"start":{"line":25,"column":10},"end":{"line":33,"column":null}},"line":25}},"branchMap":{},"s":{"0":0,"1":0,"2":0,"3":0,"4":0,"5":0,"6":0,"7":0},"f":{"0":0,"1":0},"b":{},"meta":{"lastBranch":0,"lastFunction":2,"lastStatement":8,"seen":{"s:7:27:38:Infinity":0,"f:9:10:9:22":0,"s:10:4:37:Infinity":1,"s:11:12:11:Infinity":2,"s:12:25:12:Infinity":3,"s:14:20:14:Infinity":4,"s:16:6:34:Infinity":5,"f:24:8:24:Infinity":1,"s:25:10:33:Infinity":6,"s:36:6:36:Infinity":7}}}
,"/Users/runcible/code/runcible/trader/src/commands/perps/positions.ts": {"path":"/Users/runcible/code/runcible/trader/src/commands/perps/positions.ts","statementMap":{"0":{"start":{"line":7,"column":32},"end":{"line":79,"column":null}},"1":{"start":{"line":11,"column":4},"end":{"line":78,"column":null}},"2":{"start":{"line":12,"column":12},"end":{"line":12,"column":null}},"3":{"start":{"line":13,"column":25},"end":{"line":13,"column":null}},"4":{"start":{"line":15,"column":26},"end":{"line":15,"column":null}},"5":{"start":{"line":16,"column":6},"end":{"line":19,"column":null}},"6":{"start":{"line":17,"column":14},"end":{"line":17,"column":null}},"7":{"start":{"line":18,"column":8},"end":{"line":18,"column":null}},"8":{"start":{"line":21,"column":24},"end":{"line":21,"column":null}},"9":{"start":{"line":23,"column":6},"end":{"line":41,"column":null}},"10":{"start":{"line":24,"column":8},"end":{"line":39,"column":null}},"11":{"start":{"line":32,"column":12},"end":{"line":38,"column":null}},"12":{"start":{"line":40,"column":8},"end":{"line":40,"column":null}},"13":{"start":{"line":43,"column":28},"end":{"line":51,"column":null}},"14":{"start":{"line":43,"column":52},"end":{"line":51,"column":8}},"15":{"start":{"line":53,"column":6},"end":{"line":75,"column":null}},"16":{"start":{"line":59,"column":24},"end":{"line":64,"column":null}},"17":{"start":{"line":65,"column":10},"end":{"line":72,"column":null}},"18":{"start":{"line":66,"column":25},"end":{"line":66,"column":null}},"19":{"start":{"line":67,"column":25},"end":{"line":67,"column":null}},"20":{"start":{"line":68,"column":31},"end":{"line":68,"column":null}},"21":{"start":{"line":69,"column":29},"end":{"line":69,"column":null}},"22":{"start":{"line":70,"column":26},"end":{"line":70,"column":null}},"23":{"start":{"line":71,"column":12},"end":{"line":71,"column":null}},"24":{"start":{"line":73,"column":10},"end":{"line":73,"column":null}},"25":{"start":{"line":77,"column":6},"end":{"line":77,"column":null}}},"fnMap":{"0":{"name":"(anonymous_0)","decl":{"start":{"line":10,"column":10},"end":{"line":10,"column":17}},"loc":{"start":{"line":10,"column":29},"end":{"line":79,"column":3}},"line":10},"1":{"name":"(anonymous_1)","decl":{"start":{"line":31,"column":10},"end":{"line":31,"column":null}},"loc":{"start":{"line":32,"column":12},"end":{"line":38,"column":null}},"line":32},"2":{"name":"(anonymous_2)","decl":{"start":{"line":43,"column":42},"end":{"line":43,"column":43}},"loc":{"start":{"line":43,"column":52},"end":{"line":51,"column":8}},"line":43},"3":{"name":"(anonymous_3)","decl":{"start":{"line":58,"column":8},"end":{"line":58,"column":14}},"loc":{"start":{"line":58,"column":14},"end":{"line":74,"column":null}},"line":58}},"branchMap":{"0":{"loc":{"start":{"line":16,"column":6},"end":{"line":19,"column":null}},"type":"if","locations":[{"start":{"line":16,"column":6},"end":{"line":19,"column":null}},{"start":{},"end":{}}],"line":16},"1":{"loc":{"start":{"line":23,"column":6},"end":{"line":41,"column":null}},"type":"if","locations":[{"start":{"line":23,"column":6},"end":{"line":41,"column":null}},{"start":{},"end":{}}],"line":23}},"s":{"0":0,"1":0,"2":0,"3":0,"4":0,"5":0,"6":0,"7":0,"8":0,"9":0,"10":0,"11":0,"12":0,"13":0,"14":0,"15":0,"16":0,"17":0,"18":0,"19":0,"20":0,"21":0,"22":0,"23":0,"24":0,"25":0},"f":{"0":0,"1":0,"2":0,"3":0},"b":{"0":[0,0],"1":[0,0]},"meta":{"lastBranch":2,"lastFunction":4,"lastStatement":26,"seen":{"s:7:32:79:Infinity":0,"f:10:10:10:17":0,"s:11:4:78:Infinity":1,"s:12:12:12:Infinity":2,"s:13:25:13:Infinity":3,"s:15:26:15:Infinity":4,"b:16:6:19:Infinity:undefined:undefined:undefined:undefined":0,"s:16:6:19:Infinity":5,"s:17:14:17:Infinity":6,"s:18:8:18:Infinity":7,"s:21:24:21:Infinity":8,"b:23:6:41:Infinity:undefined:undefined:undefined:undefined":1,"s:23:6:41:Infinity":9,"s:24:8:39:Infinity":10,"f:31:10:31:Infinity":1,"s:32:12:38:Infinity":11,"s:40:8:40:Infinity":12,"s:43:28:51:Infinity":13,"f:43:42:43:43":2,"s:43:52:51:8":14,"s:53:6:75:Infinity":15,"f:58:8:58:14":3,"s:59:24:64:Infinity":16,"s:65:10:72:Infinity":17,"s:66:25:66:Infinity":18,"s:67:25:67:Infinity":19,"s:68:31:68:Infinity":20,"s:69:29:69:Infinity":21,"s:70:26:70:Infinity":22,"s:71:12:71:Infinity":23,"s:73:10:73:Infinity":24,"s:77:6:77:Infinity":25}}}
[...]
ull}},"32":{"start":{"line":80,"column":18},"end":{"line":80,"column":null}},"33":{"start":{"line":82,"column":2},"end":{"line":87,"column":null}},"34":{"start":{"line":92,"column":15},"end":{"line":92,"column":null}},"35":{"start":{"line":93,"column":14},"end":{"line":93,"column":null}},"36":{"start":{"line":94,"column":19},"end":{"line":98,"column":null}},"37":{"start":{"line":100,"column":2},"end":{"line":100,"column":null}},"38":{"start":{"line":102,"column":18},"end":{"line":102,"column":null}},"39":{"start":{"line":103,"column":2},"end":{"line":103,"column":null}},"40":{"start":{"line":105,"column":2},"end":{"line":105,"column":null}},"41":{"start":{"line":112,"column":20},"end":{"line":112,"column":null}},"42":{"start":{"line":113,"column":2},"end":{"line":113,"column":null}},"43":{"start":{"line":119,"column":22},"end":{"line":124,"column":null}},"44":{"start":{"line":130,"column":26},"end":{"line":130,"column":null}},"45":{"start":{"line":131,"column":2},"end":{"line":134,"column":null}},"46":{"start":{"line":131,"column":15},"end":{"line":131,"column":18}},"47":{"start":{"line":132,"column":16},"end":{"line":132,"column":null}},"48":{"start":{"line":133,"column":4},"end":{"line":133,"column":null}},"49":{"start":{"line":135,"column":2},"end":{"line":135,"column":null}},"50":{"start":{"line":144,"column":26},"end":{"line":151,"column":null}},"51":{"start":{"line":153,"column":2},"end":{"line":158,"column":null}},"52":{"start":{"line":153,"column":34},"end":{"line":153,"column":50}},"53":{"start":{"line":154,"column":4},"end":{"line":157,"column":null}},"54":{"start":{"line":161,"column":2},"end":{"line":166,"column":null}},"55":{"start":{"line":162,"column":4},"end":{"line":165,"column":null}},"56":{"start":{"line":168,"column":17},"end":{"line":168,"column":null}},"57":{"start":{"line":170,"column":2},"end":{"line":170,"column":null}},"58":{"start":{"line":171,"column":2},"end":{"line":171,"column":null}},"59":{"start":{"line":172,"column":2},"end":{"line":172,"column":null}},"60":{"start":{"line":174,"column":13},"end":{"line":177,"column":null}},"61":{"start":{"line":179,"column":2},"end":{"line":196,"column":null}},"62":{"start":{"line":181,"column":20},"end":{"line":184,"column":null}},"63":{"start":{"line":182,"column":6},"end":{"line":182,"column":null}},"64":{"start":{"line":183,"column":6},"end":{"line":183,"column":null}},"65":{"start":{"line":186,"column":4},"end":{"line":195,"column":null}},"66":{"start":{"line":187,"column":6},"end":{"line":187,"column":null}},"67":{"start":{"line":188,"column":6},"end":{"line":188,"column":null}},"68":{"start":{"line":190,"column":6},"end":{"line":194,"column":null}},"69":{"start":{"line":191,"column":8},"end":{"line":191,"column":null}},"70":{"start":{"line":193,"column":8},"end":{"line":193,"column":null}},"71":{"start":{"line":206,"column":2},"end":{"line":206,"column":null}},"72":{"start":{"line":208,"column":18},"end":{"line":208,"column":null}},"73":{"start":{"line":210,"column":20},"end":{"line":210,"column":null}},"74":{"start":{"line":211,"column":15},"end":{"line":211,"column":null}},"75":{"start":{"line":212,"column":14},"end":{"line":212,"column":null}},"76":{"start":{"line":214,"column":2},"end":{"line":226,"column":null}},"77":{"start":{"line":215,"column":16},"end":{"line":215,"column":null}},"78":{"start":{"line":216,"column":31},"end":{"line":216,"column":null}},"79":{"start":{"line":217,"column":4},"end":{"line":223,"column":null}},"80":{"start":{"line":218,"column":6},"end":{"line":218,"column":null}},"81":{"start":{"line":219,"column":6},"end":{"line":222,"column":null}},"82":{"start":{"line":220,"column":8},"end":{"line":220,"column":null}},"83":{"start":{"line":221,"column":8},"end":{"line":221,"column":null}},"84":{"start":{"line":224,"column":4},"end":{"line":224,"column":null}},"85":{"start":{"line":225,"column":4},"end":{"line":225,"column":null}},"86":{"start":{"line":229,"column":2},"end":{"line":232,"column":null}},"87":{"start":{"line":230,"column":4},"end":{"line":231,"column":null}},"88":{"start":{"line":230,"column":20},"end":{"line":230,"column":null}},"89":{"start":{"line":231,"column":9},"end":{"line":231,"column":null}},"90":{"start":{"line":234,"column":2},"end":{"line":234,"column":null}}},"fnMap":{"0":{"name":"generateWallet","decl":{"start":{"line":13,"column":16},"end":{"line":13,"column":31}},"loc":{"start":{"line":13,"column":60},"end":{"line":38,"column":null}},"line":13},"1":{"name":"loadWallet","decl":{"start":{"line":43,"column":9},"end":{"line":43,"column":20}},"loc":{"start":{"line":43,"column":49},"end":{"line":53,"column":null}},"line":43},"2":{"name":"loadKeypairForSigning","decl":{"start":{"line":58,"column":16},"end":{"line":58,"column":38}},"loc":{"start":{"line":58,"column":65},"end":{"line":66,"column":null}},"line":58},"3":{"name":"encryptKeypair","decl":{"start":{"line":70,"column":9},"end":{"line":70,"column":24}},"loc":{"start":{"line":70,"column":60},"end":{"line":88,"column":null}},"line":70},"4":{"name":"decryptKeypair","decl":{"start":{"line":90,"column":9},"end":{"line":90,"column":24}},"loc":{"start":{"line":90,"column":67},"end":{"line":106,"column":null}},"line":90},"5":{"name":"getWalletAddress","decl":{"start":{"line":111,"column":16},"end":{"line":111,"column":33}},"loc":{"start":{"line":111,"column":59},"end":{"line":114,"column":null}},"line":111},"6":{"name":"generateConfirmPhrase","decl":{"start":{"line":129,"column":9},"end":{"line":129,"column":41}},"loc":{"start":{"line":129,"column":41},"end":{"line":136,"column":null}},"line":129},"7":{"name":"requireManualConfirmation","decl":{"start":{"line":142,"column":15},"end":{"line":142,"column":41}},"loc":{"start":{"line":142,"column":72},"end":{"line":197,"column":null}},"line":142},"8":{"name":"(anonymous_8)","decl":{"start":{"line":153,"column":27},"end":{"line":153,"column":34}},"loc":{"start":{"line":153,"column":34},"end":{"line":153,"column":50}},"line":153},"9":{"name":"(anonymous_9)","decl":{"start":{"line":179,"column":21},"end":{"line":179,"column":22}},"loc":{"start":{"line":179,"column":42},"end":{"line":196,"column":3}},"line":179},"10":{"name":"(anonymous_10)","decl":{"start":{"line":181,"column":31},"end":{"line":181,"column":37}},"loc":{"start":{"line":181,"column":37},"end":{"line":184,"column":7}},"line":181},"11":{"name":"(anonymous_11)","decl":{"start":{"line":186,"column":32},"end":{"line":186,"column":33}},"loc":{"start":{"line":186,"column":44},"end":{"line":195,"column":5}},"line":186},"12":{"name":"exportPrivateKey","decl":{"start":{"line":204,"column":22},"end":{"line":204,"column":39}},"loc":{"start":{"line":204,"column":74},"end":{"line":235,"column":null}},"line":204}},"branchMap":{"0":{"loc":{"start":{"line":18,"column":2},"end":{"line":20,"column":null}},"type":"if","locations":[{"start":{"line":18,"column":2},"end":{"line":20,"column":null}},{"start":{},"end":{}}],"line":18},"1":{"loc":{"start":{"line":23,"column":2},"end":{"line":25,"column":null}},"type":"if","locations":[{"start":{"line":23,"column":2},"end":{"line":25,"column":null}},{"start":{},"end":{}}],"line":23},"2":{"loc":{"start":{"line":45,"column":2},"end":{"line":47,"column":null}},"type":"if","locations":[{"start":{"line":45,"column":2},"end":{"line":47,"column":null}},{"start":{},"end":{}}],"line":45},"3":{"loc":{"start":{"line":60,"column":2},"end":{"line":62,"column":null}},"type":"if","locations":[{"start":{"line":60,"column":2},"end":{"line":62,"column":null}},{"start":{},"end":{}}],"line":60},"4":{"loc":{"start":{"line":92,"column":15},"end":{"line":92,"column":null}},"type":"cond-expr","locations":[{"start":{"line":92,"column":32},"end":{"line":92,"column":69}},{"start":{"line":92,"column":69},"end":{"line":92,"column":null}}],"line":92},"5":{"loc":{"start":{"line":153,"column":2},"end":{"line":158,"column":null}},"type":"if","locations":[{"start":{"line":153,"column":2},"end":{"line":158,"column":null}},{"start":{},"end":{}}],"line":153},"6":{"loc":{"start":{"line":161,"column":2},"end":{"line":166,"column":null}},"type":"if","locations":[{"start":{"line":161,"column":2},"end":{"line":166,"column":null}},{"start":{},"end":{}}],"line":161},"7":{"loc":{"start":{"line":190,"column":6},"end":{"line":194,"column":null}},"type":"if","locations":[{"start":{"line":190,"column":6},"end":{"line":194,"column":null}},{"start":{"line":192,"column":13},"end":{"line":194,"column":null}}],"line":190},"8":{"loc":{"start":{"line":219,"column":6},"end":{"line":222,"column":null}},"type":"if","locations":[{"start":{"line":219,"column":6},"end":{"line":222,"column":null}},{"start":{},"end":{}}],"line":219},"9":{"loc":{"start":{"line":219,"column":10},"end":{"line":219,"column":42}},"type":"binary-expr","locations":[{"start":{"line":219,"column":10},"end":{"line":219,"column":29}},{"start":{"line":219,"column":29},"end":{"line":219,"column":42}}],"line":219},"10":{"loc":{"start":{"line":230,"column":4},"end":{"line":231,"column":null}},"type":"if","locations":[{"start":{"line":230,"column":4},"end":{"line":231,"column":null}},{"start":{"line":231,"column":9},"end":{"line":231,"column":null}}],"line":230}},"s":{"0":1,"1":8,"2":8,"3":8,"4":8,"5":8,"6":1,"7":7,"8":7,"9":7,"10":7,"11":7,"12":7,"13":1,"14":1,"15":0,"16":1,"17":1,"18":1,"19":2,"20":2,"21":0,"22":2,"23":2,"24":1,"25":7,"26":7,"27":7,"28":7,"29":7,"30":7,"31":7,"32":7,"33":7,"34":3,"35":3,"36":3,"37":3,"38":3,"39":3,"40":3,"41":1,"42":1,"43":1,"44":0,"45":0,"46":0,"47":0,"48":0,"49":0,"50":3,"51":3,"52":9,"53":2,"54":1,"55":1,"56":0,"57":0,"58":0,"59":0,"60":0,"61":0,"62":0,"63":0,"64":0,"65":0,"66":0,"67":0,"68":0,"69":0,"70":0,"71":3,"72":0,"73":0,"74":0,"75":0,"76":0,"77":0,"78":0,"79":0,"80":0,"81":0,"82":0,"83":0,"84":0,"85":0,"86":0,"87":0,"88":0,"89":0,"90":0},"f":{"0":8,"1":1,"2":2,"3":7,"4":3,"5":1,"6":0,"7":3,"8":9,"9":0,"10":0,"11":0,"12":3},"b":{"0":[8,0],"1":[1,7],"2":[0,1],"3":[0,2],"4":[2,1],"5":[2,1],"6":[1,0],"7":[0,0],"8":[0,0],"9":[0,0],"10":[0,0]},"meta":{"lastBranch":11,"lastFunction":13,"lastStatement":91,"seen":{"s:6:18:6:Infinity":0,"f:13:16:13:31":0,"s:14:20:14:Infinity":1,"s:15:21:15:Infinity":2,"b:18:2:20:Infinity:undefined:undefined:undefined:undefined":0,"s:18:2:20:Infinity":3,"s:19:4:19:Infinity":4,"b:23:2:25:Infinity:undefined:undefined:undefined:undefined":1,"s:23:2:25:Infinity":5,"s:24:4:24:Infinity":6,"s:28:18:28:Infinity":7,"s:31:20:31:Infinity":8,"s:32:2:32:Infinity":9,"s:34:2:34:Infinity":10,"s:35:2:35:Infinity":11,"s:37:2:37:Infinity":12,"f:43:9:43:20":1,"s:44:21:44:Infinity":13,"b:45:2:47:Infinity:undefined:undefined:undefined:undefined":2,"s:45:2:47:Infinity":14,"s:46:4:46:Infinity":15,"s:49:20:49:Infinity":16,"s:50:18:50:Infinity":17,"s:52:2:52:Infinity":18,"f:58:16:58:38":2,"s:59:21:59:Infinity":19,"b:60:2:62:Infinity:undefined:undefined:undefined:undefined":3,"s:60:2:62:Infinity":20,"s:61:4:61:Infinity":21,"s:64:20:64:Infinity":22,"s:65:2:65:Infinity":23,"s:68:20:68:Infinity":24,"f:70:9:70:24":3,"s:71:15:71:Infinity":25,"s:72:14:72:Infinity":26,"s:73:13:73:Infinity":27,"s:74:17:74:Infinity":28,"s:76:20:76:Infinity":29,"s:77:18:77:Infinity":30,"s:78:2:78:Infinity":31,"s:80:18:80:Infinity":32,"s:82:2:87:Infinity":33,"f:90:9:90:24":4,"s:92:15:92:Infinity":34,"b:92:32:92:69:92:69:92:Infinity":4,"s:93:14:93:Infinity":35,"s:94:19:98:Infinity":36,"s:100:2:100:Infinity":37,"s:102:18:102:Infinity":38,"s:103:2:103:Infinity":39,"s:105:2:105:Infinity":40,"f:111:16:111:33":5,"s:112:20:112:Infinity":41,"s:113:2:113:Infinity":42,"s:119:22:124:Infinity":43,"f:129:9:129:41":6,"s:130:26:130:Infinity":44,"s:131:2:134:Infinity":45,"s:131:15:131:18":46,"s:132:16:132:Infinity":47,"s:133:4:133:Infinity":48,"s:135:2:135:Infinity":49,"f:142:15:142:41":7,"s:144:26:151:Infinity":50,"b:153:2:158:Infinity:undefined:undefined:undefined:undefined":5,"s:153:2:158:Infinity":51,"f:153:27:153:34":8,"s:153:34:153:50":52,"s:154:4:157:Infinity":53,"b:161:2:166:Infinity:undefined:undefined:undefined:undefined":6,"s:161:2:166:Infinity":54,"s:162:4:165:Infinity":55,"s:168:17:168:Infinity":56,"s:170:2:170:Infinity":57,"s:171:2:171:Infinity":58,"s:172:2:172:Infinity":59,"s:174:13:177:Infinity":60,"s:179:2:196:Infinity":61,"f:179:21:179:22":9,"s:181:20:184:Infinity":62,"f:181:31:181:37":10,"s:182:6:182:Infinity":63,"s:183:6:183:Infinity":64,"s:186:4:195:Infinity":65,"f:186:32:186:33":11,"s:187:6:187:Infinity":66,"s:188:6:188:Infinity":67,"b:190:6:194:Infinity:192:13:194:Infinity":7,"s:190:6:194:Infinity":68,"s:191:8:191:Infinity":69,"s:193:8:193:Infinity":70,"f:204:22:204:39":12,"s:206:2:206:Infinity":71,"s:208:18:208:Infinity":72,"s:210:20:210:Infinity":73,"s:211:15:211:Infinity":74,"s:212:14:212:Infinity":75,"s:214:2:226:Infinity":76,"s:215:16:215:Infinity":77,"s:216:31:216:Infinity":78,"s:217:4:223:Infinity":79,"s:218:6:218:Infinity":80,"b:219:6:222:Infinity:undefined:undefined:undefined:undefined":8,"s:219:6:222:Infinity":81,"b:219:10:219:29:219:29:219:42":9,"s:220:8:220:Infinity":82,"s:221:8:221:Infinity":83,"s:224:4:224:Infinity":84,"s:225:4:225:Infinity":85,"s:229:2:232:Infinity":86,"b:230:4:231:Infinity:231:9:231:Infinity":10,"s:230:4:231:Infinity":87,"s:230:20:230:Infinity":88,"s:231:9:231:Infinity":89,"s:234:2:234:Infinity":90}}}
,"/Users/runcible/code/runcible/trader/src/utils/perps/index.ts": {"path":"/Users/runcible/code/runcible/trader/src/utils/perps/index.ts","statementMap":{"0":{"start":{"line":8,"column":38},"end":{"line":10,"column":null}},"1":{"start":{"line":12,"column":32},"end":{"line":14,"column":null}},"2":{"start":{"line":17,"column":16},"end":{"line":23,"column":null}},"3":{"start":{"line":25,"column":22},"end":{"line":27,"column":null}},"4":{"start":{"line":26,"column":42},"end":{"line":26,"column":59}},"5":{"start":{"line":29,"column":22},"end":{"line":29,"column":null}},"6":{"start":{"line":62,"column":19},"end":{"line":66,"column":null}},"7":{"start":{"line":67,"column":2},"end":{"line":67,"column":null}},"8":{"start":{"line":72,"column":2},"end":{"line":72,"column":null}},"9":{"start":{"line":77,"column":18},"end":{"line":77,"column":null}},"10":{"start":{"line":78,"column":15},"end":{"line":78,"column":null}},"11":{"start":{"line":80,"column":2},"end":{"line":83,"column":null}},"12":{"start":{"line":91,"column":18},"end":{"line":91,"column":null}},"13":{"start":{"line":92,"column":18},"end":{"line":92,"column":null}},"14":{"start":{"line":94,"column":2},"end":{"line":102,"column":null}},"15":{"start":{"line":107,"column":44},"end":{"line":107,"column":null}},"16":{"start":{"line":108,"column":2},"end":{"line":108,"column":null}},"17":{"start":{"line":108,"column":40},"end":{"line":108,"column":69}},"18":{"start":{"line":116,"column":17},"end":{"line":116,"column":null}},"19":{"start":{"line":117,"column":18},"end":{"line":117,"column":null}},"20":{"start":{"line":119,"column":20},"end":{"line":125,"column":null}},"21":{"start":{"line":127,"column":37},"end":{"line":145,"column":null}},"22":{"start":{"line":128,"column":20},"end":{"line":128,"column":null}},"23":{"start":{"line":129,"column":23},"end":{"line":129,"column":null}},"24":{"start":{"line":130,"column":20},"end":{"line":130,"column":null}},"25":{"start":{"line":131,"column":26},"end":{"line":131,"column":null}},"26":{"start":{"line":133,"column":4},"end":{"line":144,"column":null}},"27":{"start":{"line":148,"column":2},"end":{"line":148,"column":null}},"28":{"start":{"line":148,"column":33},"end":{"line":148,"column":48}}},"fnMap":{"0":{"name":"(anonymous_0)","decl":{"start":{"line":26,"column":30},"end":{"line":26,"column":31}},"loc":{"start":{"line":26,"column":42},"end":{"line":26,"column":59}},"line":26},"1":{"name":"createProgram","decl":{"start":{"line":61,"column":9},"end":{"line":61,"column":23}},"loc":{"start":{"line":61,"column":56},"end":{"line":68,"column":null}},"line":61},"2":{"name":"bnToBig","decl":{"start":{"line":71,"column":9},"end":{"line":71,"column":17}},"loc":{"start":{"line":71,"column":56},"end":{"line":73,"column":null}},"line":71},"3":{"name":"getPoolStats","decl":{"start":{"line":76,"column":22},"end":{"line":76,"column":35}},"loc":{"start":{"line":76,"column":79},"end":{"line":84,"column":null}},"line":76},"4":{"name":"getCustodyInfo","decl":{"start":{"line":87,"column":15},"end":{"line":87,"column":null}},"loc":{"start":{"line":90,"column":24},"end":{"line":103,"column":null}},"line":90},"5":{"name":"getAllCustodyInfo","decl":{"start":{"line":106,"column":22},"end":{"line":106,"column":40}},"loc":{"start":{"line":106,"column":88},"end":{"line":109,"column":null}},"line":106},"6":{"name":"(anonymous_6)","decl":{"start":{"line":108,"column":33},"end":{"line":108,"column":34}},"loc":{"start":{"line":108,"column":40},"end":{"line":108,"column":69}},"line":108},"7":{"name":"getOpenPositions","decl":{"start":{"line":112,"column":22},"end":{"line":112,"column":null}},"loc":{"start":{"line":115,"column":28},"end":{"line":149,"column":null}},"line":115},"8":{"name":"(anonymous_8)","decl":{"start":{"line":127,"column":51},"end":{"line":127,"column":52}},"loc":{"start":{"line":127,"column":61},"end":{"line":145,"column":3}},"line":127},"9":{"name":"(anonymous_9)","decl":{"start":{"line":148,"column":26},"end":{"line":148,"column":27}},"loc":{"start":{"line":148,"column":33},"end":{"line":148,"column":48}},"line":148}},"branchMap":{"0":{"loc":{"start":{"line":71,"column":25},"end":{"line":71,"column":56}},"type":"default-arg","locations":[{"start":{"line":71,"column":36},"end":{"line":71,"column":56}}],"line":71},"1":{"loc":{"start":{"line":116,"column":17},"end":{"line":116,"column":null}},"type":"cond-expr","locations":[{"start":{"line":116,"column":52},"end":{"line":116,"column":82}},{"start":{"line":116,"column":82},"end":{"line":116,"column":null}}],"line":116},"2":{"loc":{"start":{"line":136,"column":13},"end":{"line":136,"column":null}},"type":"cond-expr","locations":[{"start":{"line":136,"column":33},"end":{"line":136,"column":42}},{"start":{"line":136,"column":42},"end":{"line":136,"column":null}}],"line":136},"3":{"loc":{"start":{"line":137,"column":15},"end":{"line":137,"column":null}},"type":"binary-expr","locations":[{"start":{"line":137,"column":15},"end":{"line":137,"column":44}},{"start":{"line":137,"column":44},"end":{"line":137,"column":null}}],"line":137},"4":{"loc":{"start":{"line":141,"column":28},"end":{"line":141,"column":72}},"type":"cond-expr","locations":[{"start":{"line":141,"column":46},"end":{"line":141,"column":59}},{"start":{"line":141,"column":59},"end":{"line":141,"column":72}}],"line":141}},"s":{"0":1,"1":1,"2":1,"3":1,"4":5,"5":1,"6":12,"7":12,"8":10,"9":2,"10":2,"11":1,"12":6,"13":6,"14":6,"15":2,"16":2,"17":6,"18":4,"19":4,"20":4,"21":4,"22":3,"23":3,"24":3,"25":3,"26":3,"27":4,"28":3},"f":{"0":5,"1":12,"2":10,"3":2,"4":6,"5":2,"6":6,"7":4,"8":3,"9":3},"b":{"0":[10],"1":[1,3],"2":[2,1],"3":[3,0],"4":[1,2]},"meta":{"lastBranch":5,"lastFunction":10,"lastStatement":29,"seen":{"s:8:38:10:Infinity":0,"s:12:32:14:Infinity":1,"s:17:16:23:Infinity":2,"s:25:22:27:Infinity":3,"f:26:30:26:31":0,"s:26:42:26:59":4,"s:29:22:29:Infinity":5,"f:61:9:61:23":1,"s:62:19:66:Infinity":6,"s:67:2:67:Infinity":7,"f:71:9:71:17":2,"b:71:36:71:56":0,"s:72:2:72:Infinity":8,"f:76:22:76:35":3,"s:77:18:77:Infinity":9,"s:78:15:78:Infinity":10,"s:80:2:83:Infinity":11,"f:87:15:87:Infinity":4,"s:91:18:91:Infinity":12,"s:92:18:92:Infinity":13,"s:94:2:102:Infinity":14,"f:106:22:106:40":5,"s:107:44:107:Infinity":15,"s:108:2:108:Infinity":16,"f:108:33:108:34":6,"s:108:40:108:69":17,"f:112:22:112:Infinity":7,"s:116:17:116:Infinity":18,"b:116:52:116:82:116:82:116:Infinity":1,"s:117:18:117:Infinity":19,"s:119:20:125:Infinity":20,"s:127:37:145:Infinity":21,"f:127:51:127:52":8,"s:128:20:128:Infinity":22,"s:129:23:129:Infinity":23,"s:130:20:130:Infinity":24,"s:131:26:131:Infinity":25,"s:133:4:144:Infinity":26,"b:136:33:136:42:136:42:136:Infinity":2,"b:137:15:137:44:137:44:137:Infinity":3,"b:141:46:141:59:141:59:141:72":4,"s:148:2:148:Infinity":27,"f:148:26:148:27":9,"s:148:33:148:48":28}}}
}
